{"C:\\xampp\\htdocs\\www\\react-concepts-javascript\\src\\App.jsx": {"path":"C:\\xampp\\htdocs\\www\\react-concepts-javascript\\src\\App.jsx","statementMap":{"0":{"start":{"line":8,"column":2},"end":{"line":18,"column":3}}},"fnMap":{"0":{"name":"App","decl":{"start":{"line":7,"column":9},"end":{"line":7,"column":12}},"loc":{"start":{"line":7,"column":15},"end":{"line":19,"column":1}},"line":7}},"branchMap":{},"s":{"0":0},"f":{"0":0},"b":{}}
,"C:\\xampp\\htdocs\\www\\react-concepts-javascript\\src\\main.jsx": {"path":"C:\\xampp\\htdocs\\www\\react-concepts-javascript\\src\\main.jsx","statementMap":{"0":{"start":{"line":7,"column":0},"end":{"line":13,"column":1}}},"fnMap":{},"branchMap":{},"s":{"0":0},"f":{},"b":{}}
,"C:\\xampp\\htdocs\\www\\react-concepts-javascript\\src\\components\\index.js": {"path":"C:\\xampp\\htdocs\\www\\react-concepts-javascript\\src\\components\\index.js","statementMap":{},"fnMap":{},"branchMap":{},"s":{},"f":{},"b":{}}
,"C:\\xampp\\htdocs\\www\\react-concepts-javascript\\src\\components\\Accordion\\AccordionContent.jsx": {"path":"C:\\xampp\\htdocs\\www\\react-concepts-javascript\\src\\components\\Accordion\\AccordionContent.jsx","statementMap":{"0":{"start":{"line":1,"column":25},"end":{"line":7,"column":1}},"1":{"start":{"line":2,"column":4},"end":{"line":6,"column":6}}},"fnMap":{"0":{"name":"(anonymous_0)","decl":{"start":{"line":1,"column":25},"end":{"line":1,"column":26}},"loc":{"start":{"line":1,"column":41},"end":{"line":7,"column":1}},"line":1}},"branchMap":{},"s":{"0":0,"1":0},"f":{"0":0},"b":{}}
,"C:\\xampp\\htdocs\\www\\react-concepts-javascript\\src\\components\\Accordion\\AccordionJS.jsx": {"path":"C:\\xampp\\htdocs\\www\\react-concepts-javascript\\src\\components\\Accordion\\AccordionJS.jsx","statementMap":{"0":{"start":{"line":10,"column":20},"end":{"line":31,"column":1}},"1":{"start":{"line":12,"column":4},"end":{"line":30,"column":5}}},"fnMap":{"0":{"name":"(anonymous_0)","decl":{"start":{"line":10,"column":20},"end":{"line":10,"column":21}},"loc":{"start":{"line":10,"column":39},"end":{"line":31,"column":1}},"line":10}},"branchMap":{},"s":{"0":0,"1":0},"f":{"0":0},"b":{}}
,"C:\\xampp\\htdocs\\www\\react-concepts-javascript\\src\\components\\Accordion\\index.js": {"path":"C:\\xampp\\htdocs\\www\\react-concepts-javascript\\src\\components\\Accordion\\index.js","statementMap":{},"fnMap":{},"branchMap":{},"s":{},"f":{},"b":{}}
,"C:\\xampp\\htdocs\\www\\react-concepts-javascript\\src\\components\\AppWrapper\\AppWrapper.jsx": {"path":"C:\\xampp\\htdocs\\www\\react-concepts-javascript\\src\\components\\AppWrapper\\AppWrapper.jsx","statementMap":{"0":{"start":{"line":3,"column":19},"end":{"line":9,"column":1}},"1":{"start":{"line":4,"column":2},"end":{"line":8,"column":3}}},"fnMap":{"0":{"name":"(anonymous_0)","decl":{"start":{"line":3,"column":19},"end":{"line":3,"column":20}},"loc":{"start":{"line":3,"column":35},"end":{"line":9,"column":1}},"line":3}},"branchMap":{},"s":{"0":0,"1":0},"f":{"0":0},"b":{}}
,"C:\\xampp\\htdocs\\www\\react-concepts-javascript\\src\\components\\Button\\ButtonHome.jsx": {"path":"C:\\xampp\\htdocs\\www\\react-concepts-javascript\\src\\components\\Button\\ButtonHome.jsx","statementMap":{"0":{"start":{"line":6,"column":19},"end":{"line":16,"column":1}},"1":{"start":{"line":7,"column":2},"end":{"line":15,"column":3}}},"fnMap":{"0":{"name":"(anonymous_0)","decl":{"start":{"line":6,"column":19},"end":{"line":6,"column":20}},"loc":{"start":{"line":6,"column":25},"end":{"line":16,"column":1}},"line":6}},"branchMap":{},"s":{"0":0,"1":0},"f":{"0":0},"b":{}}
,"C:\\xampp\\htdocs\\www\\react-concepts-javascript\\src\\components\\Button\\index.js": {"path":"C:\\xampp\\htdocs\\www\\react-concepts-javascript\\src\\components\\Button\\index.js","statementMap":{},"fnMap":{},"branchMap":{},"s":{},"f":{},"b":{}}
,"C:\\xampp\\htdocs\\www\\react-concepts-javascript\\src\\components\\ComponentNotFound\\ComponentNotFound.jsx": {"path":"C:\\xampp\\htdocs\\www\\react-concepts-javascript\\src\\components\\ComponentNotFound\\ComponentNotFound.jsx","statementMap":{"0":{"start":{"line":4,"column":26},"end":{"line":23,"column":1}},"1":{"start":{"line":6,"column":19},"end":{"line":12,"column":5}},"2":{"start":{"line":14,"column":4},"end":{"line":22,"column":5}}},"fnMap":{"0":{"name":"(anonymous_0)","decl":{"start":{"line":4,"column":26},"end":{"line":4,"column":27}},"loc":{"start":{"line":4,"column":32},"end":{"line":23,"column":1}},"line":4}},"branchMap":{},"s":{"0":0,"1":0,"2":0},"f":{"0":0},"b":{}}
,"C:\\xampp\\htdocs\\www\\react-concepts-javascript\\src\\components\\Header\\Navbar.jsx": {"path":"C:\\xampp\\htdocs\\www\\react-concepts-javascript\\src\\components\\Header\\Navbar.jsx","statementMap":{"0":{"start":{"line":3,"column":15},"end":{"line":14,"column":1}},"1":{"start":{"line":4,"column":2},"end":{"line":13,"column":3}}},"fnMap":{"0":{"name":"(anonymous_0)","decl":{"start":{"line":3,"column":15},"end":{"line":3,"column":16}},"loc":{"start":{"line":3,"column":21},"end":{"line":14,"column":1}},"line":3}},"branchMap":{},"s":{"0":0,"1":0},"f":{"0":0},"b":{}}
,"C:\\xampp\\htdocs\\www\\react-concepts-javascript\\src\\components\\MainContent\\MainContent.jsx": {"path":"C:\\xampp\\htdocs\\www\\react-concepts-javascript\\src\\components\\MainContent\\MainContent.jsx","statementMap":{"0":{"start":{"line":6,"column":20},"end":{"line":15,"column":1}},"1":{"start":{"line":7,"column":2},"end":{"line":14,"column":3}}},"fnMap":{"0":{"name":"(anonymous_0)","decl":{"start":{"line":6,"column":20},"end":{"line":6,"column":21}},"loc":{"start":{"line":6,"column":26},"end":{"line":15,"column":1}},"line":6}},"branchMap":{},"s":{"0":0,"1":0},"f":{"0":0},"b":{}}
,"C:\\xampp\\htdocs\\www\\react-concepts-javascript\\src\\components\\SidebarMenu\\SidebarMenu.jsx": {"path":"C:\\xampp\\htdocs\\www\\react-concepts-javascript\\src\\components\\SidebarMenu\\SidebarMenu.jsx","statementMap":{"0":{"start":{"line":6,"column":20},"end":{"line":22,"column":1}},"1":{"start":{"line":8,"column":4},"end":{"line":21,"column":5}}},"fnMap":{"0":{"name":"(anonymous_0)","decl":{"start":{"line":6,"column":20},"end":{"line":6,"column":21}},"loc":{"start":{"line":6,"column":26},"end":{"line":22,"column":1}},"line":6}},"branchMap":{},"s":{"0":0,"1":0},"f":{"0":0},"b":{}}
,"C:\\xampp\\htdocs\\www\\react-concepts-javascript\\src\\components\\Slider\\ImageSlider.jsx": {"path":"C:\\xampp\\htdocs\\www\\react-concepts-javascript\\src\\components\\Slider\\ImageSlider.jsx","statementMap":{"0":{"start":{"line":4,"column":20},"end":{"line":74,"column":1}},"1":{"start":{"line":6,"column":34},"end":{"line":6,"column":45}},"2":{"start":{"line":8,"column":22},"end":{"line":8,"column":39}},"3":{"start":{"line":10,"column":23},"end":{"line":14,"column":5}},"4":{"start":{"line":11,"column":8},"end":{"line":11,"column":32}},"5":{"start":{"line":12,"column":8},"end":{"line":13,"column":34}},"6":{"start":{"line":13,"column":12},"end":{"line":13,"column":34}},"7":{"start":{"line":16,"column":23},"end":{"line":20,"column":5}},"8":{"start":{"line":17,"column":8},"end":{"line":17,"column":31}},"9":{"start":{"line":18,"column":8},"end":{"line":19,"column":25}},"10":{"start":{"line":19,"column":12},"end":{"line":19,"column":25}},"11":{"start":{"line":22,"column":4},"end":{"line":27,"column":18}},"12":{"start":{"line":23,"column":21},"end":{"line":25,"column":16}},"13":{"start":{"line":24,"column":10},"end":{"line":24,"column":23}},"14":{"start":{"line":26,"column":8},"end":{"line":26,"column":43}},"15":{"start":{"line":26,"column":21},"end":{"line":26,"column":42}},"16":{"start":{"line":51,"column":4},"end":{"line":73,"column":5}},"17":{"start":{"line":60,"column":28},"end":{"line":60,"column":122}}},"fnMap":{"0":{"name":"(anonymous_0)","decl":{"start":{"line":4,"column":20},"end":{"line":4,"column":21}},"loc":{"start":{"line":4,"column":34},"end":{"line":74,"column":1}},"line":4},"1":{"name":"(anonymous_1)","decl":{"start":{"line":10,"column":23},"end":{"line":10,"column":24}},"loc":{"start":{"line":10,"column":29},"end":{"line":14,"column":5}},"line":10},"2":{"name":"(anonymous_2)","decl":{"start":{"line":16,"column":23},"end":{"line":16,"column":24}},"loc":{"start":{"line":16,"column":29},"end":{"line":20,"column":5}},"line":16},"3":{"name":"(anonymous_3)","decl":{"start":{"line":22,"column":14},"end":{"line":22,"column":15}},"loc":{"start":{"line":22,"column":20},"end":{"line":27,"column":5}},"line":22},"4":{"name":"(anonymous_4)","decl":{"start":{"line":23,"column":33},"end":{"line":23,"column":34}},"loc":{"start":{"line":23,"column":39},"end":{"line":25,"column":9}},"line":23},"5":{"name":"(anonymous_5)","decl":{"start":{"line":26,"column":15},"end":{"line":26,"column":16}},"loc":{"start":{"line":26,"column":21},"end":{"line":26,"column":42}},"line":26},"6":{"name":"(anonymous_6)","decl":{"start":{"line":59,"column":35},"end":{"line":59,"column":36}},"loc":{"start":{"line":60,"column":28},"end":{"line":60,"column":122}},"line":60}},"branchMap":{"0":{"loc":{"start":{"line":12,"column":8},"end":{"line":13,"column":34}},"type":"if","locations":[{"start":{"line":12,"column":8},"end":{"line":13,"column":34}},{"start":{},"end":{}}],"line":12},"1":{"loc":{"start":{"line":18,"column":8},"end":{"line":19,"column":25}},"type":"if","locations":[{"start":{"line":18,"column":8},"end":{"line":19,"column":25}},{"start":{},"end":{}}],"line":18},"2":{"loc":{"start":{"line":60,"column":53},"end":{"line":60,"column":91}},"type":"cond-expr","locations":[{"start":{"line":60,"column":73},"end":{"line":60,"column":82}},{"start":{"line":60,"column":85},"end":{"line":60,"column":91}}],"line":60}},"s":{"0":0,"1":0,"2":0,"3":0,"4":0,"5":0,"6":0,"7":0,"8":0,"9":0,"10":0,"11":0,"12":0,"13":0,"14":0,"15":0,"16":0,"17":0},"f":{"0":0,"1":0,"2":0,"3":0,"4":0,"5":0,"6":0},"b":{"0":[0,0],"1":[0,0],"2":[0,0]}}
,"C:\\xampp\\htdocs\\www\\react-concepts-javascript\\src\\components\\Slider\\Slider.jsx": {"path":"C:\\xampp\\htdocs\\www\\react-concepts-javascript\\src\\components\\Slider\\Slider.jsx","statementMap":{"0":{"start":{"line":4,"column":15},"end":{"line":10,"column":1}},"1":{"start":{"line":5,"column":2},"end":{"line":9,"column":3}}},"fnMap":{"0":{"name":"(anonymous_0)","decl":{"start":{"line":4,"column":15},"end":{"line":4,"column":16}},"loc":{"start":{"line":4,"column":21},"end":{"line":10,"column":1}},"line":4}},"branchMap":{},"s":{"0":0,"1":0},"f":{"0":0},"b":{}}
,"C:\\xampp\\htdocs\\www\\react-concepts-javascript\\src\\components\\TreeView\\TreeItemComponent.jsx": {"path":"C:\\xampp\\htdocs\\www\\react-concepts-javascript\\src\\components\\TreeView\\TreeItemComponent.jsx","statementMap":{"0":{"start":{"line":5,"column":26},"end":{"line":14,"column":1}},"1":{"start":{"line":7,"column":4},"end":{"line":13,"column":5}}},"fnMap":{"0":{"name":"(anonymous_0)","decl":{"start":{"line":5,"column":26},"end":{"line":5,"column":27}},"loc":{"start":{"line":5,"column":38},"end":{"line":14,"column":1}},"line":5}},"branchMap":{},"s":{"0":0,"1":0},"f":{"0":0},"b":{}}
,"C:\\xampp\\htdocs\\www\\react-concepts-javascript\\src\\components\\TreeView\\TreeViewComponent.jsx": {"path":"C:\\xampp\\htdocs\\www\\react-concepts-javascript\\src\\components\\TreeView\\TreeViewComponent.jsx","statementMap":{"0":{"start":{"line":9,"column":26},"end":{"line":30,"column":1}},"1":{"start":{"line":11,"column":2},"end":{"line":29,"column":3}},"2":{"start":{"line":24,"column":16},"end":{"line":24,"column":78}}},"fnMap":{"0":{"name":"(anonymous_0)","decl":{"start":{"line":9,"column":26},"end":{"line":9,"column":27}},"loc":{"start":{"line":9,"column":40},"end":{"line":30,"column":1}},"line":9},"1":{"name":"(anonymous_1)","decl":{"start":{"line":22,"column":28},"end":{"line":22,"column":29}},"loc":{"start":{"line":24,"column":16},"end":{"line":24,"column":78}},"line":24}},"branchMap":{},"s":{"0":0,"1":0,"2":0},"f":{"0":0,"1":0},"b":{}}
,"C:\\xampp\\htdocs\\www\\react-concepts-javascript\\src\\data\\components.javascript.jsx": {"path":"C:\\xampp\\htdocs\\www\\react-concepts-javascript\\src\\data\\components.javascript.jsx","statementMap":{"0":{"start":{"line":5,"column":36},"end":{"line":100,"column":1}}},"fnMap":{},"branchMap":{},"s":{"0":0},"f":{},"b":{}}
,"C:\\xampp\\htdocs\\www\\react-concepts-javascript\\src\\data\\components.react.jsx": {"path":"C:\\xampp\\htdocs\\www\\react-concepts-javascript\\src\\data\\components.react.jsx","statementMap":{"0":{"start":{"line":7,"column":31},"end":{"line":41,"column":5}}},"fnMap":{},"branchMap":{},"s":{"0":0},"f":{},"b":{}}
,"C:\\xampp\\htdocs\\www\\react-concepts-javascript\\src\\data\\concepts.jsx": {"path":"C:\\xampp\\htdocs\\www\\react-concepts-javascript\\src\\data\\concepts.jsx","statementMap":{"0":{"start":{"line":1,"column":24},"end":{"line":36,"column":1}}},"fnMap":{},"branchMap":{},"s":{"0":0},"f":{},"b":{}}
,"C:\\xampp\\htdocs\\www\\react-concepts-javascript\\src\\data\\imagesEventLoop.jsx": {"path":"C:\\xampp\\htdocs\\www\\react-concepts-javascript\\src\\data\\imagesEventLoop.jsx","statementMap":{"0":{"start":{"line":12,"column":30},"end":{"line":14,"column":1}}},"fnMap":{},"branchMap":{},"s":{"0":0},"f":{},"b":{}}
,"C:\\xampp\\htdocs\\www\\react-concepts-javascript\\src\\data\\pages.jest.jsx": {"path":"C:\\xampp\\htdocs\\www\\react-concepts-javascript\\src\\data\\pages.jest.jsx","statementMap":{"0":{"start":{"line":4,"column":25},"end":{"line":15,"column":5}}},"fnMap":{},"branchMap":{},"s":{"0":0},"f":{},"b":{}}
,"C:\\xampp\\htdocs\\www\\react-concepts-javascript\\src\\pages\\index.js": {"path":"C:\\xampp\\htdocs\\www\\react-concepts-javascript\\src\\pages\\index.js","statementMap":{},"fnMap":{},"branchMap":{},"s":{},"f":{},"b":{}}
,"C:\\xampp\\htdocs\\www\\react-concepts-javascript\\src\\pages\\Git\\GitMenu.jsx": {"path":"C:\\xampp\\htdocs\\www\\react-concepts-javascript\\src\\pages\\Git\\GitMenu.jsx","statementMap":{"0":{"start":{"line":3,"column":16},"end":{"line":7,"column":1}},"1":{"start":{"line":4,"column":2},"end":{"line":6,"column":3}}},"fnMap":{"0":{"name":"(anonymous_0)","decl":{"start":{"line":3,"column":16},"end":{"line":3,"column":17}},"loc":{"start":{"line":3,"column":22},"end":{"line":7,"column":1}},"line":3}},"branchMap":{},"s":{"0":0,"1":0},"f":{"0":0},"b":{}}
,"C:\\xampp\\htdocs\\www\\react-concepts-javascript\\src\\pages\\Home\\Home.jsx": {"path":"C:\\xampp\\htdocs\\www\\react-concepts-javascript\\src\\pages\\Home\\Home.jsx","statementMap":{"0":{"start":{"line":11,"column":13},"end":{"line":42,"column":1}},"1":{"start":{"line":12,"column":2},"end":{"line":41,"column":3}}},"fnMap":{"0":{"name":"(anonymous_0)","decl":{"start":{"line":11,"column":13},"end":{"line":11,"column":14}},"loc":{"start":{"line":11,"column":19},"end":{"line":42,"column":1}},"line":11}},"branchMap":{},"s":{"0":0,"1":0},"f":{"0":0},"b":{}}
,"C:\\xampp\\htdocs\\www\\react-concepts-javascript\\src\\pages\\Home\\index.js": {"path":"C:\\xampp\\htdocs\\www\\react-concepts-javascript\\src\\pages\\Home\\index.js","statementMap":{},"fnMap":{},"branchMap":{},"s":{},"f":{},"b":{}}
,"C:\\xampp\\htdocs\\www\\react-concepts-javascript\\src\\pages\\Javascript\\JavascriptMenu.jsx": {"path":"C:\\xampp\\htdocs\\www\\react-concepts-javascript\\src\\pages\\Javascript\\JavascriptMenu.jsx","statementMap":{"0":{"start":{"line":5,"column":23},"end":{"line":13,"column":1}},"1":{"start":{"line":7,"column":2},"end":{"line":11,"column":3}}},"fnMap":{"0":{"name":"(anonymous_0)","decl":{"start":{"line":5,"column":23},"end":{"line":5,"column":24}},"loc":{"start":{"line":5,"column":29},"end":{"line":13,"column":1}},"line":5}},"branchMap":{},"s":{"0":0,"1":0},"f":{"0":0},"b":{}}
,"C:\\xampp\\htdocs\\www\\react-concepts-javascript\\src\\pages\\Javascript\\ArrowFunction\\ArrowFunction.jsx": {"path":"C:\\xampp\\htdocs\\www\\react-concepts-javascript\\src\\pages\\Javascript\\ArrowFunction\\ArrowFunction.jsx","statementMap":{"0":{"start":{"line":5,"column":22},"end":{"line":81,"column":1}},"1":{"start":{"line":7,"column":34},"end":{"line":7,"column":48}},"2":{"start":{"line":11,"column":8},"end":{"line":11,"column":25}},"3":{"start":{"line":12,"column":8},"end":{"line":12,"column":21}},"4":{"start":{"line":13,"column":8},"end":{"line":13,"column":48}},"5":{"start":{"line":15,"column":8},"end":{"line":18,"column":17}},"6":{"start":{"line":17,"column":12},"end":{"line":17,"column":36}},"7":{"start":{"line":20,"column":16},"end":{"line":20,"column":35}},"8":{"start":{"line":21,"column":4},"end":{"line":21,"column":41}},"9":{"start":{"line":22,"column":4},"end":{"line":22,"column":58}},"10":{"start":{"line":24,"column":17},"end":{"line":31,"column":5}},"11":{"start":{"line":27,"column":10},"end":{"line":29,"column":19}},"12":{"start":{"line":28,"column":12},"end":{"line":28,"column":45}},"13":{"start":{"line":33,"column":4},"end":{"line":33,"column":45}},"14":{"start":{"line":35,"column":24},"end":{"line":38,"column":5}},"15":{"start":{"line":36,"column":8},"end":{"line":36,"column":41}},"16":{"start":{"line":40,"column":25},"end":{"line":43,"column":5}},"17":{"start":{"line":41,"column":8},"end":{"line":41,"column":42}},"18":{"start":{"line":46,"column":4},"end":{"line":80,"column":5}}},"fnMap":{"0":{"name":"(anonymous_0)","decl":{"start":{"line":5,"column":22},"end":{"line":5,"column":23}},"loc":{"start":{"line":5,"column":28},"end":{"line":81,"column":1}},"line":5},"1":{"name":"Person","decl":{"start":{"line":9,"column":13},"end":{"line":9,"column":19}},"loc":{"start":{"line":9,"column":26},"end":{"line":19,"column":5}},"line":9},"2":{"name":"(anonymous_2)","decl":{"start":{"line":15,"column":20},"end":{"line":15,"column":21}},"loc":{"start":{"line":15,"column":26},"end":{"line":18,"column":9}},"line":15},"3":{"name":"contador","decl":{"start":{"line":26,"column":27},"end":{"line":26,"column":35}},"loc":{"start":{"line":26,"column":38},"end":{"line":30,"column":9}},"line":26},"4":{"name":"(anonymous_4)","decl":{"start":{"line":27,"column":21},"end":{"line":27,"column":22}},"loc":{"start":{"line":27,"column":27},"end":{"line":29,"column":11}},"line":27},"5":{"name":"(anonymous_5)","decl":{"start":{"line":35,"column":24},"end":{"line":35,"column":25}},"loc":{"start":{"line":35,"column":30},"end":{"line":38,"column":5}},"line":35},"6":{"name":"(anonymous_6)","decl":{"start":{"line":40,"column":25},"end":{"line":40,"column":26}},"loc":{"start":{"line":40,"column":31},"end":{"line":43,"column":5}},"line":40}},"branchMap":{},"s":{"0":0,"1":0,"2":0,"3":0,"4":0,"5":0,"6":0,"7":0,"8":0,"9":0,"10":0,"11":0,"12":0,"13":0,"14":0,"15":0,"16":0,"17":0,"18":0},"f":{"0":0,"1":0,"2":0,"3":0,"4":0,"5":0,"6":0},"b":{}}
,"C:\\xampp\\htdocs\\www\\react-concepts-javascript\\src\\pages\\Javascript\\ArrowFunction\\ArrowFunctionExamples.js": {"path":"C:\\xampp\\htdocs\\www\\react-concepts-javascript\\src\\pages\\Javascript\\ArrowFunction\\ArrowFunctionExamples.js","statementMap":{"0":{"start":{"line":5,"column":4},"end":{"line":5,"column":48}},"1":{"start":{"line":7,"column":0},"end":{"line":7,"column":19}},"2":{"start":{"line":12,"column":31},"end":{"line":14,"column":1}},"3":{"start":{"line":13,"column":4},"end":{"line":13,"column":47}},"4":{"start":{"line":15,"column":0},"end":{"line":15,"column":18}},"5":{"start":{"line":21,"column":21},"end":{"line":25,"column":5}},"6":{"start":{"line":23,"column":12},"end":{"line":23,"column":75}},"7":{"start":{"line":27,"column":4},"end":{"line":27,"column":20}},"8":{"start":{"line":30,"column":10},"end":{"line":30,"column":21}},"9":{"start":{"line":31,"column":0},"end":{"line":31,"column":12}},"10":{"start":{"line":39,"column":25},"end":{"line":54,"column":1}},"11":{"start":{"line":43,"column":8},"end":{"line":43,"column":98}},"12":{"start":{"line":43,"column":39},"end":{"line":43,"column":95}},"13":{"start":{"line":46,"column":9},"end":{"line":46,"column":66}},"14":{"start":{"line":49,"column":8},"end":{"line":49,"column":73}},"15":{"start":{"line":49,"column":15},"end":{"line":49,"column":72}},"16":{"start":{"line":52,"column":8},"end":{"line":52,"column":74}},"17":{"start":{"line":52,"column":16},"end":{"line":52,"column":72}},"18":{"start":{"line":57,"column":0},"end":{"line":57,"column":20}},"19":{"start":{"line":58,"column":0},"end":{"line":58,"column":27}},"20":{"start":{"line":59,"column":0},"end":{"line":59,"column":21}},"21":{"start":{"line":60,"column":0},"end":{"line":60,"column":21}},"22":{"start":{"line":61,"column":0},"end":{"line":61,"column":21}},"23":{"start":{"line":63,"column":24},"end":{"line":63,"column":49}},"24":{"start":{"line":64,"column":0},"end":{"line":64,"column":17}},"25":{"start":{"line":70,"column":4},"end":{"line":70,"column":25}},"26":{"start":{"line":71,"column":4},"end":{"line":71,"column":18}},"27":{"start":{"line":72,"column":15},"end":{"line":72,"column":16}},"28":{"start":{"line":74,"column":4},"end":{"line":83,"column":13}},"29":{"start":{"line":77,"column":8},"end":{"line":78,"column":22}},"30":{"start":{"line":78,"column":16},"end":{"line":78,"column":22}},"31":{"start":{"line":80,"column":8},"end":{"line":80,"column":15}},"32":{"start":{"line":81,"column":8},"end":{"line":81,"column":20}},"33":{"start":{"line":82,"column":8},"end":{"line":82,"column":61}},"34":{"start":{"line":85,"column":11},"end":{"line":85,"column":35}},"35":{"start":{"line":86,"column":0},"end":{"line":86,"column":35}},"36":{"start":{"line":92,"column":4},"end":{"line":92,"column":25}},"37":{"start":{"line":93,"column":4},"end":{"line":93,"column":18}},"38":{"start":{"line":95,"column":4},"end":{"line":103,"column":13}},"39":{"start":{"line":98,"column":8},"end":{"line":99,"column":18}},"40":{"start":{"line":99,"column":12},"end":{"line":99,"column":18}},"41":{"start":{"line":101,"column":8},"end":{"line":101,"column":20}},"42":{"start":{"line":102,"column":8},"end":{"line":102,"column":50}},"43":{"start":{"line":105,"column":12},"end":{"line":105,"column":35}},"44":{"start":{"line":106,"column":0},"end":{"line":106,"column":17}},"45":{"start":{"line":107,"column":0},"end":{"line":107,"column":22}},"46":{"start":{"line":110,"column":23},"end":{"line":118,"column":1}},"47":{"start":{"line":117,"column":31},"end":{"line":117,"column":99}},"48":{"start":{"line":117,"column":38},"end":{"line":117,"column":98}},"49":{"start":{"line":122,"column":0},"end":{"line":122,"column":37}}},"fnMap":{"0":{"name":"myFunctionNormal","decl":{"start":{"line":4,"column":16},"end":{"line":4,"column":32}},"loc":{"start":{"line":4,"column":34},"end":{"line":6,"column":1}},"line":4},"1":{"name":"(anonymous_1)","decl":{"start":{"line":12,"column":31},"end":{"line":12,"column":32}},"loc":{"start":{"line":12,"column":37},"end":{"line":14,"column":1}},"line":12},"2":{"name":"scopeThis","decl":{"start":{"line":20,"column":16},"end":{"line":20,"column":25}},"loc":{"start":{"line":20,"column":27},"end":{"line":29,"column":1}},"line":20},"3":{"name":"(anonymous_3)","decl":{"start":{"line":22,"column":18},"end":{"line":22,"column":19}},"loc":{"start":{"line":22,"column":24},"end":{"line":24,"column":9}},"line":22},"4":{"name":"(anonymous_4)","decl":{"start":{"line":42,"column":14},"end":{"line":42,"column":15}},"loc":{"start":{"line":42,"column":26},"end":{"line":44,"column":5}},"line":42},"5":{"name":"(anonymous_5)","decl":{"start":{"line":43,"column":31},"end":{"line":43,"column":32}},"loc":{"start":{"line":43,"column":37},"end":{"line":43,"column":97}},"line":43},"6":{"name":"(anonymous_6)","decl":{"start":{"line":45,"column":15},"end":{"line":45,"column":16}},"loc":{"start":{"line":45,"column":26},"end":{"line":47,"column":5}},"line":45},"7":{"name":"(anonymous_7)","decl":{"start":{"line":48,"column":15},"end":{"line":48,"column":16}},"loc":{"start":{"line":48,"column":21},"end":{"line":50,"column":5}},"line":48},"8":{"name":"(anonymous_8)","decl":{"start":{"line":49,"column":8},"end":{"line":49,"column":9}},"loc":{"start":{"line":49,"column":14},"end":{"line":49,"column":73}},"line":49},"9":{"name":"(anonymous_9)","decl":{"start":{"line":51,"column":15},"end":{"line":51,"column":16}},"loc":{"start":{"line":51,"column":27},"end":{"line":53,"column":5}},"line":51},"10":{"name":"(anonymous_10)","decl":{"start":{"line":52,"column":8},"end":{"line":52,"column":9}},"loc":{"start":{"line":52,"column":14},"end":{"line":52,"column":74}},"line":52},"11":{"name":"PersonaA","decl":{"start":{"line":68,"column":16},"end":{"line":68,"column":24}},"loc":{"start":{"line":68,"column":33},"end":{"line":84,"column":1}},"line":68},"12":{"name":"(anonymous_12)","decl":{"start":{"line":74,"column":16},"end":{"line":74,"column":17}},"loc":{"start":{"line":74,"column":28},"end":{"line":83,"column":5}},"line":74},"13":{"name":"Persona","decl":{"start":{"line":90,"column":16},"end":{"line":90,"column":23}},"loc":{"start":{"line":90,"column":32},"end":{"line":104,"column":1}},"line":90},"14":{"name":"(anonymous_14)","decl":{"start":{"line":95,"column":16},"end":{"line":95,"column":17}},"loc":{"start":{"line":95,"column":22},"end":{"line":103,"column":5}},"line":95},"15":{"name":"(anonymous_15)","decl":{"start":{"line":117,"column":19},"end":{"line":117,"column":20}},"loc":{"start":{"line":117,"column":30},"end":{"line":117,"column":100}},"line":117},"16":{"name":"(anonymous_16)","decl":{"start":{"line":117,"column":31},"end":{"line":117,"column":32}},"loc":{"start":{"line":117,"column":37},"end":{"line":117,"column":99}},"line":117}},"branchMap":{"0":{"loc":{"start":{"line":77,"column":8},"end":{"line":78,"column":22}},"type":"if","locations":[{"start":{"line":77,"column":8},"end":{"line":78,"column":22}},{"start":{},"end":{}}],"line":77},"1":{"loc":{"start":{"line":98,"column":8},"end":{"line":99,"column":18}},"type":"if","locations":[{"start":{"line":98,"column":8},"end":{"line":99,"column":18}},{"start":{},"end":{}}],"line":98}},"s":{"0":0,"1":0,"2":0,"3":0,"4":0,"5":0,"6":0,"7":0,"8":0,"9":0,"10":0,"11":0,"12":0,"13":0,"14":0,"15":0,"16":0,"17":0,"18":0,"19":0,"20":0,"21":0,"22":0,"23":0,"24":0,"25":0,"26":0,"27":0,"28":0,"29":0,"30":0,"31":0,"32":0,"33":0,"34":0,"35":0,"36":0,"37":0,"38":0,"39":0,"40":0,"41":0,"42":0,"43":0,"44":0,"45":0,"46":0,"47":0,"48":0,"49":0},"f":{"0":0,"1":0,"2":0,"3":0,"4":0,"5":0,"6":0,"7":0,"8":0,"9":0,"10":0,"11":0,"12":0,"13":0,"14":0,"15":0,"16":0},"b":{"0":[0,0],"1":[0,0]}}
,"C:\\xampp\\htdocs\\www\\react-concepts-javascript\\src\\pages\\Javascript\\AsyncAwait\\AsyncAwait.jsx": {"path":"C:\\xampp\\htdocs\\www\\react-concepts-javascript\\src\\pages\\Javascript\\AsyncAwait\\AsyncAwait.jsx","statementMap":{"0":{"start":{"line":3,"column":19},"end":{"line":39,"column":1}},"1":{"start":{"line":4,"column":2},"end":{"line":38,"column":3}}},"fnMap":{"0":{"name":"(anonymous_0)","decl":{"start":{"line":3,"column":19},"end":{"line":3,"column":20}},"loc":{"start":{"line":3,"column":25},"end":{"line":39,"column":1}},"line":3}},"branchMap":{},"s":{"0":0,"1":0},"f":{"0":0},"b":{}}
,"C:\\xampp\\htdocs\\www\\react-concepts-javascript\\src\\pages\\Javascript\\Callback\\Callback.jsx": {"path":"C:\\xampp\\htdocs\\www\\react-concepts-javascript\\src\\pages\\Javascript\\Callback\\Callback.jsx","statementMap":{"0":{"start":{"line":6,"column":32},"end":{"line":6,"column":44}},"1":{"start":{"line":7,"column":34},"end":{"line":7,"column":46}},"2":{"start":{"line":13,"column":8},"end":{"line":17,"column":35}},"3":{"start":{"line":14,"column":12},"end":{"line":14,"column":67}},"4":{"start":{"line":14,"column":30},"end":{"line":14,"column":65}},"5":{"start":{"line":16,"column":12},"end":{"line":16,"column":41}},"6":{"start":{"line":20,"column":21},"end":{"line":36,"column":5}},"7":{"start":{"line":21,"column":8},"end":{"line":21,"column":22}},"8":{"start":{"line":24,"column":8},"end":{"line":35,"column":10}},"9":{"start":{"line":25,"column":12},"end":{"line":25,"column":59}},"10":{"start":{"line":25,"column":30},"end":{"line":25,"column":57}},"11":{"start":{"line":26,"column":12},"end":{"line":26,"column":74}},"12":{"start":{"line":26,"column":30},"end":{"line":26,"column":72}},"13":{"start":{"line":28,"column":12},"end":{"line":34,"column":14}},"14":{"start":{"line":29,"column":16},"end":{"line":29,"column":78}},"15":{"start":{"line":29,"column":34},"end":{"line":29,"column":76}},"16":{"start":{"line":30,"column":16},"end":{"line":33,"column":18}},"17":{"start":{"line":32,"column":20},"end":{"line":32,"column":82}},"18":{"start":{"line":32,"column":38},"end":{"line":32,"column":80}},"19":{"start":{"line":40,"column":8},"end":{"line":40,"column":69}},"20":{"start":{"line":40,"column":28},"end":{"line":40,"column":67}},"21":{"start":{"line":41,"column":8},"end":{"line":44,"column":17}},"22":{"start":{"line":42,"column":12},"end":{"line":42,"column":73}},"23":{"start":{"line":42,"column":32},"end":{"line":42,"column":71}},"24":{"start":{"line":43,"column":12},"end":{"line":43,"column":26}},"25":{"start":{"line":48,"column":8},"end":{"line":48,"column":80}},"26":{"start":{"line":48,"column":28},"end":{"line":48,"column":78}},"27":{"start":{"line":51,"column":21},"end":{"line":56,"column":5}},"28":{"start":{"line":52,"column":8},"end":{"line":52,"column":23}},"29":{"start":{"line":53,"column":8},"end":{"line":53,"column":66}},"30":{"start":{"line":53,"column":28},"end":{"line":53,"column":64}},"31":{"start":{"line":54,"column":8},"end":{"line":54,"column":45}},"32":{"start":{"line":55,"column":8},"end":{"line":55,"column":67}},"33":{"start":{"line":55,"column":28},"end":{"line":55,"column":65}},"34":{"start":{"line":59,"column":19},"end":{"line":80,"column":5}},"35":{"start":{"line":60,"column":24},"end":{"line":60,"column":26}},"36":{"start":{"line":62,"column":8},"end":{"line":73,"column":9}},"37":{"start":{"line":62,"column":21},"end":{"line":62,"column":22}},"38":{"start":{"line":63,"column":25},"end":{"line":63,"column":58}},"39":{"start":{"line":64,"column":10},"end":{"line":64,"column":29}},"40":{"start":{"line":65,"column":10},"end":{"line":65,"column":31}},"41":{"start":{"line":66,"column":10},"end":{"line":72,"column":11}},"42":{"start":{"line":67,"column":12},"end":{"line":70,"column":15}},"43":{"start":{"line":71,"column":12},"end":{"line":71,"column":19}},"44":{"start":{"line":76,"column":8},"end":{"line":79,"column":11}},"45":{"start":{"line":82,"column":4},"end":{"line":88,"column":6}},"46":{"start":{"line":83,"column":8},"end":{"line":86,"column":9}},"47":{"start":{"line":84,"column":12},"end":{"line":84,"column":57}},"48":{"start":{"line":85,"column":12},"end":{"line":85,"column":19}},"49":{"start":{"line":87,"column":8},"end":{"line":87,"column":50}},"50":{"start":{"line":90,"column":4},"end":{"line":187,"column":5}},"51":{"start":{"line":145,"column":32},"end":{"line":145,"column":55}},"52":{"start":{"line":179,"column":32},"end":{"line":179,"column":55}}},"fnMap":{"0":{"name":"Callback","decl":{"start":{"line":4,"column":24},"end":{"line":4,"column":32}},"loc":{"start":{"line":4,"column":34},"end":{"line":188,"column":1}},"line":4},"1":{"name":"raisedSquareCallback","decl":{"start":{"line":12,"column":13},"end":{"line":12,"column":33}},"loc":{"start":{"line":12,"column":50},"end":{"line":18,"column":5}},"line":12},"2":{"name":"(anonymous_2)","decl":{"start":{"line":13,"column":19},"end":{"line":13,"column":20}},"loc":{"start":{"line":13,"column":23},"end":{"line":17,"column":9}},"line":13},"3":{"name":"(anonymous_3)","decl":{"start":{"line":14,"column":22},"end":{"line":14,"column":23}},"loc":{"start":{"line":14,"column":30},"end":{"line":14,"column":65}},"line":14},"4":{"name":"(anonymous_4)","decl":{"start":{"line":20,"column":21},"end":{"line":20,"column":22}},"loc":{"start":{"line":20,"column":27},"end":{"line":36,"column":5}},"line":20},"5":{"name":"(anonymous_5)","decl":{"start":{"line":24,"column":31},"end":{"line":24,"column":32}},"loc":{"start":{"line":24,"column":45},"end":{"line":35,"column":9}},"line":24},"6":{"name":"(anonymous_6)","decl":{"start":{"line":25,"column":22},"end":{"line":25,"column":23}},"loc":{"start":{"line":25,"column":30},"end":{"line":25,"column":57}},"line":25},"7":{"name":"(anonymous_7)","decl":{"start":{"line":26,"column":22},"end":{"line":26,"column":23}},"loc":{"start":{"line":26,"column":30},"end":{"line":26,"column":72}},"line":26},"8":{"name":"(anonymous_8)","decl":{"start":{"line":28,"column":35},"end":{"line":28,"column":36}},"loc":{"start":{"line":28,"column":49},"end":{"line":34,"column":13}},"line":28},"9":{"name":"(anonymous_9)","decl":{"start":{"line":29,"column":26},"end":{"line":29,"column":27}},"loc":{"start":{"line":29,"column":34},"end":{"line":29,"column":76}},"line":29},"10":{"name":"(anonymous_10)","decl":{"start":{"line":30,"column":39},"end":{"line":30,"column":40}},"loc":{"start":{"line":30,"column":53},"end":{"line":33,"column":17}},"line":30},"11":{"name":"(anonymous_11)","decl":{"start":{"line":32,"column":30},"end":{"line":32,"column":31}},"loc":{"start":{"line":32,"column":38},"end":{"line":32,"column":80}},"line":32},"12":{"name":"doAsyncTask","decl":{"start":{"line":39,"column":13},"end":{"line":39,"column":24}},"loc":{"start":{"line":39,"column":39},"end":{"line":45,"column":5}},"line":39},"13":{"name":"(anonymous_13)","decl":{"start":{"line":40,"column":19},"end":{"line":40,"column":20}},"loc":{"start":{"line":40,"column":28},"end":{"line":40,"column":67}},"line":40},"14":{"name":"(anonymous_14)","decl":{"start":{"line":41,"column":19},"end":{"line":41,"column":20}},"loc":{"start":{"line":41,"column":31},"end":{"line":44,"column":9}},"line":41},"15":{"name":"(anonymous_15)","decl":{"start":{"line":42,"column":23},"end":{"line":42,"column":24}},"loc":{"start":{"line":42,"column":32},"end":{"line":42,"column":71}},"line":42},"16":{"name":"onTaskComplete","decl":{"start":{"line":47,"column":13},"end":{"line":47,"column":27}},"loc":{"start":{"line":47,"column":33},"end":{"line":49,"column":5}},"line":47},"17":{"name":"(anonymous_17)","decl":{"start":{"line":48,"column":19},"end":{"line":48,"column":20}},"loc":{"start":{"line":48,"column":28},"end":{"line":48,"column":78}},"line":48},"18":{"name":"(anonymous_18)","decl":{"start":{"line":51,"column":21},"end":{"line":51,"column":22}},"loc":{"start":{"line":51,"column":27},"end":{"line":56,"column":5}},"line":51},"19":{"name":"(anonymous_19)","decl":{"start":{"line":53,"column":19},"end":{"line":53,"column":20}},"loc":{"start":{"line":53,"column":28},"end":{"line":53,"column":64}},"line":53},"20":{"name":"(anonymous_20)","decl":{"start":{"line":55,"column":19},"end":{"line":55,"column":20}},"loc":{"start":{"line":55,"column":28},"end":{"line":55,"column":65}},"line":55},"21":{"name":"(anonymous_21)","decl":{"start":{"line":59,"column":19},"end":{"line":59,"column":20}},"loc":{"start":{"line":59,"column":45},"end":{"line":80,"column":5}},"line":59},"22":{"name":"(anonymous_22)","decl":{"start":{"line":82,"column":15},"end":{"line":82,"column":16}},"loc":{"start":{"line":82,"column":27},"end":{"line":88,"column":5}},"line":82},"23":{"name":"(anonymous_23)","decl":{"start":{"line":144,"column":39},"end":{"line":144,"column":40}},"loc":{"start":{"line":145,"column":32},"end":{"line":145,"column":55}},"line":145},"24":{"name":"(anonymous_24)","decl":{"start":{"line":178,"column":40},"end":{"line":178,"column":41}},"loc":{"start":{"line":179,"column":32},"end":{"line":179,"column":55}},"line":179}},"branchMap":{"0":{"loc":{"start":{"line":66,"column":10},"end":{"line":72,"column":11}},"type":"if","locations":[{"start":{"line":66,"column":10},"end":{"line":72,"column":11}},{"start":{},"end":{}}],"line":66},"1":{"loc":{"start":{"line":83,"column":8},"end":{"line":86,"column":9}},"type":"if","locations":[{"start":{"line":83,"column":8},"end":{"line":86,"column":9}},{"start":{},"end":{}}],"line":83}},"s":{"0":0,"1":0,"2":0,"3":0,"4":0,"5":0,"6":0,"7":0,"8":0,"9":0,"10":0,"11":0,"12":0,"13":0,"14":0,"15":0,"16":0,"17":0,"18":0,"19":0,"20":0,"21":0,"22":0,"23":0,"24":0,"25":0,"26":0,"27":0,"28":0,"29":0,"30":0,"31":0,"32":0,"33":0,"34":0,"35":0,"36":0,"37":0,"38":0,"39":0,"40":0,"41":0,"42":0,"43":0,"44":0,"45":0,"46":0,"47":0,"48":0,"49":0,"50":0,"51":0,"52":0},"f":{"0":0,"1":0,"2":0,"3":0,"4":0,"5":0,"6":0,"7":0,"8":0,"9":0,"10":0,"11":0,"12":0,"13":0,"14":0,"15":0,"16":0,"17":0,"18":0,"19":0,"20":0,"21":0,"22":0,"23":0,"24":0},"b":{"0":[0,0],"1":[0,0]}}
,"C:\\xampp\\htdocs\\www\\react-concepts-javascript\\src\\pages\\Javascript\\Closure\\Closure.jsx": {"path":"C:\\xampp\\htdocs\\www\\react-concepts-javascript\\src\\pages\\Javascript\\Closure\\Closure.jsx","statementMap":{"0":{"start":{"line":10,"column":16},"end":{"line":179,"column":1}},"1":{"start":{"line":12,"column":16},"end":{"line":12,"column":27}},"2":{"start":{"line":15,"column":19},"end":{"line":15,"column":27}},"3":{"start":{"line":16,"column":20},"end":{"line":16,"column":28}},"4":{"start":{"line":19,"column":17},"end":{"line":27,"column":5}},"5":{"start":{"line":20,"column":12},"end":{"line":20,"column":37}},"6":{"start":{"line":21,"column":12},"end":{"line":21,"column":37}},"7":{"start":{"line":22,"column":12},"end":{"line":22,"column":37}},"8":{"start":{"line":23,"column":12},"end":{"line":23,"column":37}},"9":{"start":{"line":24,"column":12},"end":{"line":24,"column":37}},"10":{"start":{"line":25,"column":12},"end":{"line":25,"column":37}},"11":{"start":{"line":26,"column":12},"end":{"line":26,"column":37}},"12":{"start":{"line":30,"column":18},"end":{"line":30,"column":22}},"13":{"start":{"line":31,"column":16},"end":{"line":31,"column":17}},"14":{"start":{"line":32,"column":8},"end":{"line":38,"column":9}},"15":{"start":{"line":33,"column":12},"end":{"line":34,"column":22}},"16":{"start":{"line":34,"column":16},"end":{"line":34,"column":22}},"17":{"start":{"line":37,"column":12},"end":{"line":37,"column":23}},"18":{"start":{"line":41,"column":20},"end":{"line":41,"column":34}},"19":{"start":{"line":42,"column":25},"end":{"line":44,"column":5}},"20":{"start":{"line":43,"column":8},"end":{"line":43,"column":18}},"21":{"start":{"line":48,"column":27},"end":{"line":82,"column":5}},"22":{"start":{"line":83,"column":4},"end":{"line":83,"column":33}},"23":{"start":{"line":89,"column":16},"end":{"line":89,"column":17}},"24":{"start":{"line":90,"column":18},"end":{"line":90,"column":22}},"25":{"start":{"line":91,"column":8},"end":{"line":103,"column":9}},"26":{"start":{"line":92,"column":12},"end":{"line":92,"column":39}},"27":{"start":{"line":92,"column":33},"end":{"line":92,"column":39}},"28":{"start":{"line":93,"column":23},"end":{"line":93,"column":25}},"29":{"start":{"line":94,"column":12},"end":{"line":101,"column":13}},"30":{"start":{"line":94,"column":22},"end":{"line":94,"column":23}},"31":{"start":{"line":95,"column":16},"end":{"line":99,"column":17}},"32":{"start":{"line":96,"column":20},"end":{"line":96,"column":33}},"33":{"start":{"line":97,"column":20},"end":{"line":97,"column":41}},"34":{"start":{"line":100,"column":16},"end":{"line":100,"column":35}},"35":{"start":{"line":102,"column":12},"end":{"line":102,"column":33}},"36":{"start":{"line":107,"column":8},"end":{"line":115,"column":13}},"37":{"start":{"line":109,"column":12},"end":{"line":112,"column":24}},"38":{"start":{"line":118,"column":15},"end":{"line":118,"column":59}},"39":{"start":{"line":120,"column":29},"end":{"line":122,"column":5}},"40":{"start":{"line":121,"column":8},"end":{"line":121,"column":13}},"41":{"start":{"line":124,"column":31},"end":{"line":135,"column":5}},"42":{"start":{"line":138,"column":35},"end":{"line":138,"column":60}},"43":{"start":{"line":140,"column":4},"end":{"line":140,"column":48}},"44":{"start":{"line":141,"column":4},"end":{"line":141,"column":49}},"45":{"start":{"line":143,"column":4},"end":{"line":143,"column":55}},"46":{"start":{"line":144,"column":4},"end":{"line":144,"column":61}},"47":{"start":{"line":147,"column":4},"end":{"line":147,"column":47}},"48":{"start":{"line":149,"column":4},"end":{"line":149,"column":55}},"49":{"start":{"line":150,"column":4},"end":{"line":150,"column":61}},"50":{"start":{"line":152,"column":4},"end":{"line":178,"column":5}}},"fnMap":{"0":{"name":"(anonymous_0)","decl":{"start":{"line":10,"column":16},"end":{"line":10,"column":17}},"loc":{"start":{"line":10,"column":22},"end":{"line":179,"column":1}},"line":10},"1":{"name":"(anonymous_1)","decl":{"start":{"line":20,"column":8},"end":{"line":20,"column":9}},"loc":{"start":{"line":20,"column":12},"end":{"line":20,"column":37}},"line":20},"2":{"name":"(anonymous_2)","decl":{"start":{"line":21,"column":8},"end":{"line":21,"column":9}},"loc":{"start":{"line":21,"column":12},"end":{"line":21,"column":37}},"line":21},"3":{"name":"(anonymous_3)","decl":{"start":{"line":22,"column":8},"end":{"line":22,"column":9}},"loc":{"start":{"line":22,"column":12},"end":{"line":22,"column":37}},"line":22},"4":{"name":"(anonymous_4)","decl":{"start":{"line":23,"column":8},"end":{"line":23,"column":9}},"loc":{"start":{"line":23,"column":12},"end":{"line":23,"column":37}},"line":23},"5":{"name":"(anonymous_5)","decl":{"start":{"line":24,"column":8},"end":{"line":24,"column":9}},"loc":{"start":{"line":24,"column":12},"end":{"line":24,"column":37}},"line":24},"6":{"name":"(anonymous_6)","decl":{"start":{"line":25,"column":8},"end":{"line":25,"column":9}},"loc":{"start":{"line":25,"column":12},"end":{"line":25,"column":37}},"line":25},"7":{"name":"(anonymous_7)","decl":{"start":{"line":26,"column":8},"end":{"line":26,"column":9}},"loc":{"start":{"line":26,"column":12},"end":{"line":26,"column":37}},"line":26},"8":{"name":"setImage","decl":{"start":{"line":29,"column":13},"end":{"line":29,"column":21}},"loc":{"start":{"line":29,"column":27},"end":{"line":39,"column":5}},"line":29},"9":{"name":"(anonymous_9)","decl":{"start":{"line":32,"column":15},"end":{"line":32,"column":16}},"loc":{"start":{"line":32,"column":25},"end":{"line":38,"column":9}},"line":32},"10":{"name":"(anonymous_10)","decl":{"start":{"line":42,"column":25},"end":{"line":42,"column":26}},"loc":{"start":{"line":42,"column":31},"end":{"line":44,"column":5}},"line":42},"11":{"name":"loadArray","decl":{"start":{"line":88,"column":13},"end":{"line":88,"column":22}},"loc":{"start":{"line":88,"column":43},"end":{"line":104,"column":5}},"line":88},"12":{"name":"(anonymous_12)","decl":{"start":{"line":91,"column":15},"end":{"line":91,"column":16}},"loc":{"start":{"line":91,"column":19},"end":{"line":103,"column":9}},"line":91},"13":{"name":"showPagination","decl":{"start":{"line":106,"column":13},"end":{"line":106,"column":27}},"loc":{"start":{"line":106,"column":33},"end":{"line":116,"column":5}},"line":106},"14":{"name":"(anonymous_14)","decl":{"start":{"line":107,"column":49},"end":{"line":107,"column":50}},"loc":{"start":{"line":107,"column":59},"end":{"line":115,"column":9}},"line":107},"15":{"name":"(anonymous_15)","decl":{"start":{"line":120,"column":29},"end":{"line":120,"column":30}},"loc":{"start":{"line":120,"column":35},"end":{"line":122,"column":5}},"line":120}},"branchMap":{"0":{"loc":{"start":{"line":33,"column":12},"end":{"line":34,"column":22}},"type":"if","locations":[{"start":{"line":33,"column":12},"end":{"line":34,"column":22}},{"start":{},"end":{}}],"line":33},"1":{"loc":{"start":{"line":92,"column":12},"end":{"line":92,"column":39}},"type":"if","locations":[{"start":{"line":92,"column":12},"end":{"line":92,"column":39}},{"start":{},"end":{}}],"line":92},"2":{"loc":{"start":{"line":94,"column":25},"end":{"line":94,"column":50}},"type":"binary-expr","locations":[{"start":{"line":94,"column":25},"end":{"line":94,"column":39}},{"start":{"line":94,"column":43},"end":{"line":94,"column":50}}],"line":94},"3":{"loc":{"start":{"line":95,"column":16},"end":{"line":99,"column":17}},"type":"if","locations":[{"start":{"line":95,"column":16},"end":{"line":99,"column":17}},{"start":{},"end":{}}],"line":95}},"s":{"0":0,"1":0,"2":0,"3":0,"4":0,"5":0,"6":0,"7":0,"8":0,"9":0,"10":0,"11":0,"12":0,"13":0,"14":0,"15":0,"16":0,"17":0,"18":0,"19":0,"20":0,"21":0,"22":0,"23":0,"24":0,"25":0,"26":0,"27":0,"28":0,"29":0,"30":0,"31":0,"32":0,"33":0,"34":0,"35":0,"36":0,"37":0,"38":0,"39":0,"40":0,"41":0,"42":0,"43":0,"44":0,"45":0,"46":0,"47":0,"48":0,"49":0,"50":0},"f":{"0":0,"1":0,"2":0,"3":0,"4":0,"5":0,"6":0,"7":0,"8":0,"9":0,"10":0,"11":0,"12":0,"13":0,"14":0,"15":0},"b":{"0":[0,0],"1":[0,0],"2":[0,0],"3":[0,0]}}
,"C:\\xampp\\htdocs\\www\\react-concepts-javascript\\src\\pages\\Javascript\\EventLoop\\EventLoop.jsx": {"path":"C:\\xampp\\htdocs\\www\\react-concepts-javascript\\src\\pages\\Javascript\\EventLoop\\EventLoop.jsx","statementMap":{"0":{"start":{"line":7,"column":34},"end":{"line":7,"column":46}},"1":{"start":{"line":10,"column":8},"end":{"line":15,"column":13}},"2":{"start":{"line":11,"column":32},"end":{"line":11,"column":42}},"3":{"start":{"line":12,"column":26},"end":{"line":12,"column":47}},"4":{"start":{"line":14,"column":12},"end":{"line":14,"column":63}},"5":{"start":{"line":14,"column":34},"end":{"line":14,"column":61}},"6":{"start":{"line":20,"column":8},"end":{"line":20,"column":54}},"7":{"start":{"line":20,"column":28},"end":{"line":20,"column":52}},"8":{"start":{"line":25,"column":8},"end":{"line":25,"column":52}},"9":{"start":{"line":25,"column":28},"end":{"line":25,"column":50}},"10":{"start":{"line":30,"column":25},"end":{"line":30,"column":41}},"11":{"start":{"line":31,"column":8},"end":{"line":31,"column":31}},"12":{"start":{"line":39,"column":8},"end":{"line":39,"column":18}},"13":{"start":{"line":40,"column":8},"end":{"line":40,"column":18}},"14":{"start":{"line":42,"column":8},"end":{"line":45,"column":11}},"15":{"start":{"line":44,"column":12},"end":{"line":44,"column":61}},"16":{"start":{"line":44,"column":34},"end":{"line":44,"column":59}},"17":{"start":{"line":46,"column":8},"end":{"line":49,"column":11}},"18":{"start":{"line":48,"column":12},"end":{"line":48,"column":60}},"19":{"start":{"line":48,"column":34},"end":{"line":48,"column":59}},"20":{"start":{"line":50,"column":8},"end":{"line":53,"column":11}},"21":{"start":{"line":52,"column":12},"end":{"line":52,"column":61}},"22":{"start":{"line":52,"column":34},"end":{"line":52,"column":60}},"23":{"start":{"line":54,"column":8},"end":{"line":54,"column":18}},"24":{"start":{"line":57,"column":21},"end":{"line":60,"column":5}},"25":{"start":{"line":58,"column":8},"end":{"line":58,"column":22}},"26":{"start":{"line":59,"column":8},"end":{"line":59,"column":14}},"27":{"start":{"line":66,"column":8},"end":{"line":66,"column":66}},"28":{"start":{"line":66,"column":28},"end":{"line":66,"column":64}},"29":{"start":{"line":69,"column":8},"end":{"line":76,"column":17}},"30":{"start":{"line":71,"column":12},"end":{"line":71,"column":62}},"31":{"start":{"line":71,"column":32},"end":{"line":71,"column":60}},"32":{"start":{"line":72,"column":12},"end":{"line":75,"column":19}},"33":{"start":{"line":74,"column":16},"end":{"line":74,"column":69}},"34":{"start":{"line":74,"column":38},"end":{"line":74,"column":67}},"35":{"start":{"line":79,"column":8},"end":{"line":82,"column":13}},"36":{"start":{"line":81,"column":12},"end":{"line":81,"column":62}},"37":{"start":{"line":81,"column":34},"end":{"line":81,"column":60}},"38":{"start":{"line":85,"column":16},"end":{"line":85,"column":17}},"39":{"start":{"line":86,"column":16},"end":{"line":86,"column":17}},"40":{"start":{"line":87,"column":17},"end":{"line":87,"column":20}},"41":{"start":{"line":89,"column":8},"end":{"line":89,"column":66}},"42":{"start":{"line":89,"column":28},"end":{"line":89,"column":64}},"43":{"start":{"line":93,"column":8},"end":{"line":97,"column":16}},"44":{"start":{"line":95,"column":12},"end":{"line":95,"column":36}},"45":{"start":{"line":96,"column":12},"end":{"line":96,"column":68}},"46":{"start":{"line":96,"column":34},"end":{"line":96,"column":66}},"47":{"start":{"line":101,"column":8},"end":{"line":101,"column":55}},"48":{"start":{"line":101,"column":28},"end":{"line":101,"column":53}},"49":{"start":{"line":105,"column":8},"end":{"line":105,"column":17}},"50":{"start":{"line":106,"column":8},"end":{"line":106,"column":18}},"51":{"start":{"line":107,"column":8},"end":{"line":107,"column":18}},"52":{"start":{"line":108,"column":8},"end":{"line":108,"column":30}},"53":{"start":{"line":109,"column":8},"end":{"line":109,"column":32}},"54":{"start":{"line":110,"column":8},"end":{"line":110,"column":18}},"55":{"start":{"line":113,"column":21},"end":{"line":116,"column":5}},"56":{"start":{"line":114,"column":8},"end":{"line":114,"column":22}},"57":{"start":{"line":115,"column":8},"end":{"line":115,"column":15}},"58":{"start":{"line":121,"column":4},"end":{"line":246,"column":5}},"59":{"start":{"line":204,"column":32},"end":{"line":204,"column":55}},"60":{"start":{"line":238,"column":32},"end":{"line":238,"column":55}}},"fnMap":{"0":{"name":"EventLoop","decl":{"start":{"line":5,"column":24},"end":{"line":5,"column":33}},"loc":{"start":{"line":5,"column":35},"end":{"line":247,"column":1}},"line":5},"1":{"name":"showDate","decl":{"start":{"line":9,"column":13},"end":{"line":9,"column":21}},"loc":{"start":{"line":9,"column":23},"end":{"line":16,"column":5}},"line":9},"2":{"name":"(anonymous_2)","decl":{"start":{"line":10,"column":19},"end":{"line":10,"column":20}},"loc":{"start":{"line":10,"column":23},"end":{"line":15,"column":9}},"line":10},"3":{"name":"(anonymous_3)","decl":{"start":{"line":14,"column":23},"end":{"line":14,"column":24}},"loc":{"start":{"line":14,"column":34},"end":{"line":14,"column":61}},"line":14},"4":{"name":"greeting","decl":{"start":{"line":18,"column":13},"end":{"line":18,"column":21}},"loc":{"start":{"line":18,"column":23},"end":{"line":21,"column":5}},"line":18},"5":{"name":"(anonymous_5)","decl":{"start":{"line":20,"column":19},"end":{"line":20,"column":20}},"loc":{"start":{"line":20,"column":28},"end":{"line":20,"column":52}},"line":20},"6":{"name":"goodBye","decl":{"start":{"line":23,"column":13},"end":{"line":23,"column":20}},"loc":{"start":{"line":23,"column":22},"end":{"line":26,"column":5}},"line":23},"7":{"name":"(anonymous_7)","decl":{"start":{"line":25,"column":19},"end":{"line":25,"column":20}},"loc":{"start":{"line":25,"column":28},"end":{"line":25,"column":50}},"line":25},"8":{"name":"getData","decl":{"start":{"line":28,"column":19},"end":{"line":28,"column":26}},"loc":{"start":{"line":28,"column":37},"end":{"line":32,"column":5}},"line":28},"9":{"name":"main","decl":{"start":{"line":38,"column":13},"end":{"line":38,"column":17}},"loc":{"start":{"line":38,"column":19},"end":{"line":55,"column":5}},"line":38},"10":{"name":"(anonymous_10)","decl":{"start":{"line":42,"column":43},"end":{"line":42,"column":44}},"loc":{"start":{"line":42,"column":50},"end":{"line":45,"column":9}},"line":42},"11":{"name":"(anonymous_11)","decl":{"start":{"line":44,"column":23},"end":{"line":44,"column":24}},"loc":{"start":{"line":44,"column":34},"end":{"line":44,"column":59}},"line":44},"12":{"name":"(anonymous_12)","decl":{"start":{"line":46,"column":43},"end":{"line":46,"column":44}},"loc":{"start":{"line":46,"column":50},"end":{"line":49,"column":9}},"line":46},"13":{"name":"(anonymous_13)","decl":{"start":{"line":48,"column":23},"end":{"line":48,"column":24}},"loc":{"start":{"line":48,"column":34},"end":{"line":48,"column":59}},"line":48},"14":{"name":"(anonymous_14)","decl":{"start":{"line":50,"column":62},"end":{"line":50,"column":63}},"loc":{"start":{"line":50,"column":72},"end":{"line":53,"column":9}},"line":50},"15":{"name":"(anonymous_15)","decl":{"start":{"line":52,"column":23},"end":{"line":52,"column":24}},"loc":{"start":{"line":52,"column":34},"end":{"line":52,"column":60}},"line":52},"16":{"name":"(anonymous_16)","decl":{"start":{"line":57,"column":21},"end":{"line":57,"column":22}},"loc":{"start":{"line":57,"column":27},"end":{"line":60,"column":5}},"line":57},"17":{"name":"Mathpow","decl":{"start":{"line":64,"column":13},"end":{"line":64,"column":20}},"loc":{"start":{"line":64,"column":22},"end":{"line":67,"column":5}},"line":64},"18":{"name":"(anonymous_18)","decl":{"start":{"line":66,"column":19},"end":{"line":66,"column":20}},"loc":{"start":{"line":66,"column":28},"end":{"line":66,"column":64}},"line":66},"19":{"name":"Callback_SetInterval","decl":{"start":{"line":68,"column":13},"end":{"line":68,"column":33}},"loc":{"start":{"line":68,"column":35},"end":{"line":77,"column":5}},"line":68},"20":{"name":"(anonymous_20)","decl":{"start":{"line":69,"column":31},"end":{"line":69,"column":32}},"loc":{"start":{"line":69,"column":37},"end":{"line":76,"column":9}},"line":69},"21":{"name":"(anonymous_21)","decl":{"start":{"line":71,"column":23},"end":{"line":71,"column":24}},"loc":{"start":{"line":71,"column":32},"end":{"line":71,"column":60}},"line":71},"22":{"name":"(anonymous_22)","decl":{"start":{"line":72,"column":23},"end":{"line":72,"column":24}},"loc":{"start":{"line":72,"column":27},"end":{"line":75,"column":13}},"line":72},"23":{"name":"(anonymous_23)","decl":{"start":{"line":74,"column":27},"end":{"line":74,"column":28}},"loc":{"start":{"line":74,"column":38},"end":{"line":74,"column":67}},"line":74},"24":{"name":"Message1","decl":{"start":{"line":78,"column":13},"end":{"line":78,"column":21}},"loc":{"start":{"line":78,"column":23},"end":{"line":83,"column":5}},"line":78},"25":{"name":"(anonymous_25)","decl":{"start":{"line":79,"column":19},"end":{"line":79,"column":20}},"loc":{"start":{"line":79,"column":23},"end":{"line":82,"column":9}},"line":79},"26":{"name":"(anonymous_26)","decl":{"start":{"line":81,"column":23},"end":{"line":81,"column":24}},"loc":{"start":{"line":81,"column":34},"end":{"line":81,"column":60}},"line":81},"27":{"name":"Message2","decl":{"start":{"line":84,"column":13},"end":{"line":84,"column":21}},"loc":{"start":{"line":84,"column":23},"end":{"line":90,"column":5}},"line":84},"28":{"name":"(anonymous_28)","decl":{"start":{"line":89,"column":19},"end":{"line":89,"column":20}},"loc":{"start":{"line":89,"column":28},"end":{"line":89,"column":64}},"line":89},"29":{"name":"Callback_ClearInterval","decl":{"start":{"line":92,"column":13},"end":{"line":92,"column":35}},"loc":{"start":{"line":92,"column":37},"end":{"line":98,"column":5}},"line":92},"30":{"name":"(anonymous_30)","decl":{"start":{"line":93,"column":19},"end":{"line":93,"column":20}},"loc":{"start":{"line":93,"column":23},"end":{"line":97,"column":9}},"line":93},"31":{"name":"(anonymous_31)","decl":{"start":{"line":96,"column":23},"end":{"line":96,"column":24}},"loc":{"start":{"line":96,"column":34},"end":{"line":96,"column":66}},"line":96},"32":{"name":"Message3","decl":{"start":{"line":99,"column":13},"end":{"line":99,"column":21}},"loc":{"start":{"line":99,"column":23},"end":{"line":102,"column":5}},"line":99},"33":{"name":"(anonymous_33)","decl":{"start":{"line":101,"column":19},"end":{"line":101,"column":20}},"loc":{"start":{"line":101,"column":28},"end":{"line":101,"column":53}},"line":101},"34":{"name":"main2","decl":{"start":{"line":104,"column":13},"end":{"line":104,"column":18}},"loc":{"start":{"line":104,"column":20},"end":{"line":111,"column":5}},"line":104},"35":{"name":"(anonymous_35)","decl":{"start":{"line":113,"column":21},"end":{"line":113,"column":22}},"loc":{"start":{"line":113,"column":27},"end":{"line":116,"column":5}},"line":113},"36":{"name":"(anonymous_36)","decl":{"start":{"line":203,"column":40},"end":{"line":203,"column":41}},"loc":{"start":{"line":204,"column":32},"end":{"line":204,"column":55}},"line":204},"37":{"name":"(anonymous_37)","decl":{"start":{"line":237,"column":40},"end":{"line":237,"column":41}},"loc":{"start":{"line":238,"column":32},"end":{"line":238,"column":55}},"line":238}},"branchMap":{"0":{"loc":{"start":{"line":28,"column":27},"end":{"line":28,"column":35}},"type":"default-arg","locations":[{"start":{"line":28,"column":33},"end":{"line":28,"column":35}}],"line":28}},"s":{"0":0,"1":0,"2":0,"3":0,"4":0,"5":0,"6":0,"7":0,"8":0,"9":0,"10":0,"11":0,"12":0,"13":0,"14":0,"15":0,"16":0,"17":0,"18":0,"19":0,"20":0,"21":0,"22":0,"23":0,"24":0,"25":0,"26":0,"27":0,"28":0,"29":0,"30":0,"31":0,"32":0,"33":0,"34":0,"35":0,"36":0,"37":0,"38":0,"39":0,"40":0,"41":0,"42":0,"43":0,"44":0,"45":0,"46":0,"47":0,"48":0,"49":0,"50":0,"51":0,"52":0,"53":0,"54":0,"55":0,"56":0,"57":0,"58":0,"59":0,"60":0},"f":{"0":0,"1":0,"2":0,"3":0,"4":0,"5":0,"6":0,"7":0,"8":0,"9":0,"10":0,"11":0,"12":0,"13":0,"14":0,"15":0,"16":0,"17":0,"18":0,"19":0,"20":0,"21":0,"22":0,"23":0,"24":0,"25":0,"26":0,"27":0,"28":0,"29":0,"30":0,"31":0,"32":0,"33":0,"34":0,"35":0,"36":0,"37":0},"b":{"0":[0]}}
,"C:\\xampp\\htdocs\\www\\react-concepts-javascript\\src\\pages\\Javascript\\Exercises\\Exercises.jsx": {"path":"C:\\xampp\\htdocs\\www\\react-concepts-javascript\\src\\pages\\Javascript\\Exercises\\Exercises.jsx","statementMap":{"0":{"start":{"line":4,"column":16},"end":{"line":4,"column":27}},"1":{"start":{"line":12,"column":20},"end":{"line":32,"column":8}},"2":{"start":{"line":13,"column":29},"end":{"line":13,"column":30}},"3":{"start":{"line":14,"column":8},"end":{"line":14,"column":39}},"4":{"start":{"line":16,"column":12},"end":{"line":16,"column":34}},"5":{"start":{"line":19,"column":8},"end":{"line":31,"column":10}},"6":{"start":{"line":21,"column":16},"end":{"line":21,"column":28}},"7":{"start":{"line":25,"column":16},"end":{"line":25,"column":29}},"8":{"start":{"line":29,"column":16},"end":{"line":29,"column":38}},"9":{"start":{"line":34,"column":4},"end":{"line":34,"column":42}},"10":{"start":{"line":35,"column":4},"end":{"line":35,"column":46}},"11":{"start":{"line":36,"column":4},"end":{"line":36,"column":42}},"12":{"start":{"line":39,"column":21},"end":{"line":39,"column":30}},"13":{"start":{"line":42,"column":10},"end":{"line":42,"column":22}},"14":{"start":{"line":44,"column":8},"end":{"line":44,"column":24}},"15":{"start":{"line":46,"column":4},"end":{"line":46,"column":14}},"16":{"start":{"line":49,"column":8},"end":{"line":49,"column":20}},"17":{"start":{"line":50,"column":8},"end":{"line":53,"column":10}},"18":{"start":{"line":51,"column":12},"end":{"line":51,"column":24}},"19":{"start":{"line":52,"column":12},"end":{"line":52,"column":25}},"20":{"start":{"line":56,"column":17},"end":{"line":56,"column":29}},"21":{"start":{"line":57,"column":18},"end":{"line":57,"column":31}},"22":{"start":{"line":59,"column":4},"end":{"line":59,"column":25}},"23":{"start":{"line":60,"column":4},"end":{"line":60,"column":26}},"24":{"start":{"line":68,"column":11},"end":{"line":68,"column":12}},"25":{"start":{"line":68,"column":17},"end":{"line":68,"column":18}},"26":{"start":{"line":70,"column":8},"end":{"line":75,"column":9}},"27":{"start":{"line":70,"column":18},"end":{"line":70,"column":19}},"28":{"start":{"line":71,"column":12},"end":{"line":71,"column":31}},"29":{"start":{"line":72,"column":12},"end":{"line":72,"column":27}},"30":{"start":{"line":73,"column":12},"end":{"line":73,"column":19}},"31":{"start":{"line":74,"column":12},"end":{"line":74,"column":22}},"32":{"start":{"line":78,"column":4},"end":{"line":78,"column":16}},"33":{"start":{"line":80,"column":17},"end":{"line":80,"column":19}},"34":{"start":{"line":83,"column":8},"end":{"line":90,"column":9}},"35":{"start":{"line":84,"column":12},"end":{"line":87,"column":13}},"36":{"start":{"line":86,"column":16},"end":{"line":86,"column":39}},"37":{"start":{"line":88,"column":12},"end":{"line":88,"column":23}},"38":{"start":{"line":89,"column":12},"end":{"line":89,"column":28}},"39":{"start":{"line":94,"column":14},"end":{"line":94,"column":15}},"40":{"start":{"line":96,"column":8},"end":{"line":96,"column":15}},"41":{"start":{"line":97,"column":8},"end":{"line":97,"column":28}},"42":{"start":{"line":97,"column":19},"end":{"line":97,"column":28}},"43":{"start":{"line":98,"column":8},"end":{"line":98,"column":64}},"44":{"start":{"line":106,"column":12},"end":{"line":106,"column":47}},"45":{"start":{"line":107,"column":4},"end":{"line":107,"column":23}},"46":{"start":{"line":108,"column":4},"end":{"line":108,"column":23}},"47":{"start":{"line":115,"column":20},"end":{"line":115,"column":61}},"48":{"start":{"line":117,"column":21},"end":{"line":129,"column":5}},"49":{"start":{"line":119,"column":8},"end":{"line":127,"column":9}},"50":{"start":{"line":120,"column":29},"end":{"line":120,"column":49}},"51":{"start":{"line":121,"column":12},"end":{"line":122,"column":57}},"52":{"start":{"line":122,"column":16},"end":{"line":122,"column":57}},"53":{"start":{"line":123,"column":25},"end":{"line":123,"column":46}},"54":{"start":{"line":124,"column":12},"end":{"line":124,"column":23}},"55":{"start":{"line":126,"column":12},"end":{"line":126,"column":32}},"56":{"start":{"line":131,"column":4},"end":{"line":131,"column":65}},"57":{"start":{"line":131,"column":28},"end":{"line":131,"column":37}},"58":{"start":{"line":131,"column":54},"end":{"line":131,"column":64}},"59":{"start":{"line":138,"column":24},"end":{"line":147,"column":5}},"60":{"start":{"line":139,"column":21},"end":{"line":139,"column":23}},"61":{"start":{"line":140,"column":8},"end":{"line":146,"column":9}},"62":{"start":{"line":141,"column":12},"end":{"line":144,"column":13}},"63":{"start":{"line":142,"column":16},"end":{"line":142,"column":27}},"64":{"start":{"line":143,"column":16},"end":{"line":143,"column":47}},"65":{"start":{"line":145,"column":12},"end":{"line":145,"column":32}},"66":{"start":{"line":157,"column":23},"end":{"line":163,"column":6}},"67":{"start":{"line":158,"column":18},"end":{"line":158,"column":19}},"68":{"start":{"line":159,"column":8},"end":{"line":161,"column":9}},"69":{"start":{"line":159,"column":20},"end":{"line":159,"column":21}},"70":{"start":{"line":160,"column":12},"end":{"line":160,"column":21}},"71":{"start":{"line":162,"column":8},"end":{"line":162,"column":19}},"72":{"start":{"line":166,"column":4},"end":{"line":166,"column":30}},"73":{"start":{"line":167,"column":4},"end":{"line":167,"column":30}},"74":{"start":{"line":247,"column":4},"end":{"line":278,"column":5}}},"fnMap":{"0":{"name":"exercises","decl":{"start":{"line":2,"column":24},"end":{"line":2,"column":33}},"loc":{"start":{"line":2,"column":35},"end":{"line":279,"column":1}},"line":2},"1":{"name":"(anonymous_1)","decl":{"start":{"line":12,"column":21},"end":{"line":12,"column":22}},"loc":{"start":{"line":12,"column":27},"end":{"line":32,"column":5}},"line":12},"2":{"name":"changeBy","decl":{"start":{"line":15,"column":17},"end":{"line":15,"column":25}},"loc":{"start":{"line":15,"column":31},"end":{"line":17,"column":9}},"line":15},"3":{"name":"(anonymous_3)","decl":{"start":{"line":20,"column":12},"end":{"line":20,"column":13}},"loc":{"start":{"line":20,"column":24},"end":{"line":22,"column":13}},"line":20},"4":{"name":"(anonymous_4)","decl":{"start":{"line":24,"column":12},"end":{"line":24,"column":13}},"loc":{"start":{"line":24,"column":24},"end":{"line":26,"column":13}},"line":24},"5":{"name":"(anonymous_5)","decl":{"start":{"line":28,"column":12},"end":{"line":28,"column":13}},"loc":{"start":{"line":28,"column":20},"end":{"line":30,"column":13}},"line":28},"6":{"name":"iniciar","decl":{"start":{"line":38,"column":13},"end":{"line":38,"column":20}},"loc":{"start":{"line":38,"column":23},"end":{"line":45,"column":5}},"line":38},"7":{"name":"mostrarNombre","decl":{"start":{"line":40,"column":17},"end":{"line":40,"column":30}},"loc":{"start":{"line":40,"column":33},"end":{"line":43,"column":9}},"line":40},"8":{"name":"makeAdder","decl":{"start":{"line":48,"column":13},"end":{"line":48,"column":22}},"loc":{"start":{"line":48,"column":26},"end":{"line":54,"column":5}},"line":48},"9":{"name":"(anonymous_9)","decl":{"start":{"line":50,"column":15},"end":{"line":50,"column":16}},"loc":{"start":{"line":50,"column":28},"end":{"line":53,"column":9}},"line":50},"10":{"name":"fibonacci","decl":{"start":{"line":69,"column":13},"end":{"line":69,"column":22}},"loc":{"start":{"line":69,"column":25},"end":{"line":76,"column":5}},"line":69},"11":{"name":"memoizationFibo","decl":{"start":{"line":81,"column":13},"end":{"line":81,"column":28}},"loc":{"start":{"line":81,"column":38},"end":{"line":92,"column":5}},"line":81},"12":{"name":"(anonymous_12)","decl":{"start":{"line":83,"column":15},"end":{"line":83,"column":16}},"loc":{"start":{"line":83,"column":26},"end":{"line":90,"column":9}},"line":83},"13":{"name":"fibonacciRecursiva","decl":{"start":{"line":95,"column":13},"end":{"line":95,"column":31}},"loc":{"start":{"line":95,"column":34},"end":{"line":99,"column":5}},"line":95},"14":{"name":"(anonymous_14)","decl":{"start":{"line":117,"column":21},"end":{"line":117,"column":22}},"loc":{"start":{"line":117,"column":33},"end":{"line":129,"column":5}},"line":117},"15":{"name":"(anonymous_15)","decl":{"start":{"line":131,"column":20},"end":{"line":131,"column":21}},"loc":{"start":{"line":131,"column":28},"end":{"line":131,"column":37}},"line":131},"16":{"name":"(anonymous_16)","decl":{"start":{"line":131,"column":45},"end":{"line":131,"column":46}},"loc":{"start":{"line":131,"column":54},"end":{"line":131,"column":64}},"line":131},"17":{"name":"(anonymous_17)","decl":{"start":{"line":138,"column":24},"end":{"line":138,"column":25}},"loc":{"start":{"line":138,"column":38},"end":{"line":147,"column":5}},"line":138},"18":{"name":"(anonymous_18)","decl":{"start":{"line":140,"column":15},"end":{"line":140,"column":16}},"loc":{"start":{"line":140,"column":30},"end":{"line":146,"column":9}},"line":140},"19":{"name":"(anonymous_19)","decl":{"start":{"line":157,"column":35},"end":{"line":157,"column":36}},"loc":{"start":{"line":157,"column":46},"end":{"line":163,"column":5}},"line":157}},"branchMap":{"0":{"loc":{"start":{"line":84,"column":12},"end":{"line":87,"column":13}},"type":"if","locations":[{"start":{"line":84,"column":12},"end":{"line":87,"column":13}},{"start":{},"end":{}}],"line":84},"1":{"loc":{"start":{"line":97,"column":8},"end":{"line":97,"column":28}},"type":"if","locations":[{"start":{"line":97,"column":8},"end":{"line":97,"column":28}},{"start":{},"end":{}}],"line":97},"2":{"loc":{"start":{"line":121,"column":12},"end":{"line":122,"column":57}},"type":"if","locations":[{"start":{"line":121,"column":12},"end":{"line":122,"column":57}},{"start":{},"end":{}}],"line":121},"3":{"loc":{"start":{"line":141,"column":12},"end":{"line":144,"column":13}},"type":"if","locations":[{"start":{"line":141,"column":12},"end":{"line":144,"column":13}},{"start":{},"end":{}}],"line":141}},"s":{"0":0,"1":0,"2":0,"3":0,"4":0,"5":0,"6":0,"7":0,"8":0,"9":0,"10":0,"11":0,"12":0,"13":0,"14":0,"15":0,"16":0,"17":0,"18":0,"19":0,"20":0,"21":0,"22":0,"23":0,"24":0,"25":0,"26":0,"27":0,"28":0,"29":0,"30":0,"31":0,"32":0,"33":0,"34":0,"35":0,"36":0,"37":0,"38":0,"39":0,"40":0,"41":0,"42":0,"43":0,"44":0,"45":0,"46":0,"47":0,"48":0,"49":0,"50":0,"51":0,"52":0,"53":0,"54":0,"55":0,"56":0,"57":0,"58":0,"59":0,"60":0,"61":0,"62":0,"63":0,"64":0,"65":0,"66":0,"67":0,"68":0,"69":0,"70":0,"71":0,"72":0,"73":0,"74":0},"f":{"0":0,"1":0,"2":0,"3":0,"4":0,"5":0,"6":0,"7":0,"8":0,"9":0,"10":0,"11":0,"12":0,"13":0,"14":0,"15":0,"16":0,"17":0,"18":0,"19":0},"b":{"0":[0,0],"1":[0,0],"2":[0,0],"3":[0,0]}}
,"C:\\xampp\\htdocs\\www\\react-concepts-javascript\\src\\pages\\Javascript\\Hosting\\Hosting.jsx": {"path":"C:\\xampp\\htdocs\\www\\react-concepts-javascript\\src\\pages\\Javascript\\Hosting\\Hosting.jsx","statementMap":{"0":{"start":{"line":3,"column":12},"end":{"line":3,"column":13}},"1":{"start":{"line":4,"column":4},"end":{"line":8,"column":9}},"2":{"start":{"line":5,"column":8},"end":{"line":5,"column":38}},"3":{"start":{"line":6,"column":16},"end":{"line":6,"column":18}},"4":{"start":{"line":7,"column":8},"end":{"line":7,"column":38}},"5":{"start":{"line":11,"column":12},"end":{"line":11,"column":13}},"6":{"start":{"line":12,"column":4},"end":{"line":12,"column":38}},"7":{"start":{"line":13,"column":12},"end":{"line":13,"column":13}},"8":{"start":{"line":14,"column":4},"end":{"line":14,"column":38}},"9":{"start":{"line":16,"column":4},"end":{"line":110,"column":5}}},"fnMap":{"0":{"name":"Hoisting","decl":{"start":{"line":1,"column":24},"end":{"line":1,"column":32}},"loc":{"start":{"line":1,"column":34},"end":{"line":111,"column":1}},"line":1},"1":{"name":"(anonymous_1)","decl":{"start":{"line":4,"column":5},"end":{"line":4,"column":6}},"loc":{"start":{"line":4,"column":17},"end":{"line":8,"column":5}},"line":4}},"branchMap":{},"s":{"0":0,"1":0,"2":0,"3":0,"4":0,"5":0,"6":0,"7":0,"8":0,"9":0},"f":{"0":0,"1":0},"b":{}}
,"C:\\xampp\\htdocs\\www\\react-concepts-javascript\\src\\pages\\Javascript\\Memoization\\Memoization.jsx": {"path":"C:\\xampp\\htdocs\\www\\react-concepts-javascript\\src\\pages\\Javascript\\Memoization\\Memoization.jsx","statementMap":{"0":{"start":{"line":3,"column":2},"end":{"line":5,"column":3}}},"fnMap":{"0":{"name":"Memoization","decl":{"start":{"line":2,"column":24},"end":{"line":2,"column":35}},"loc":{"start":{"line":2,"column":37},"end":{"line":6,"column":1}},"line":2}},"branchMap":{},"s":{"0":0},"f":{"0":0},"b":{}}
,"C:\\xampp\\htdocs\\www\\react-concepts-javascript\\src\\pages\\Javascript\\Promises\\Promises.jsx": {"path":"C:\\xampp\\htdocs\\www\\react-concepts-javascript\\src\\pages\\Javascript\\Promises\\Promises.jsx","statementMap":{"0":{"start":{"line":6,"column":32},"end":{"line":6,"column":44}},"1":{"start":{"line":7,"column":34},"end":{"line":7,"column":46}},"2":{"start":{"line":8,"column":30},"end":{"line":8,"column":44}},"3":{"start":{"line":9,"column":19},"end":{"line":9,"column":31}},"4":{"start":{"line":12,"column":8},"end":{"line":13,"column":78}},"5":{"start":{"line":13,"column":12},"end":{"line":13,"column":78}},"6":{"start":{"line":14,"column":12},"end":{"line":18,"column":14}},"7":{"start":{"line":15,"column":16},"end":{"line":17,"column":23}},"8":{"start":{"line":16,"column":20},"end":{"line":16,"column":55}},"9":{"start":{"line":22,"column":8},"end":{"line":39,"column":65}},"10":{"start":{"line":24,"column":16},"end":{"line":24,"column":90}},"11":{"start":{"line":24,"column":34},"end":{"line":24,"column":89}},"12":{"start":{"line":25,"column":16},"end":{"line":25,"column":46}},"13":{"start":{"line":28,"column":16},"end":{"line":28,"column":90}},"14":{"start":{"line":28,"column":34},"end":{"line":28,"column":89}},"15":{"start":{"line":29,"column":16},"end":{"line":29,"column":46}},"16":{"start":{"line":32,"column":16},"end":{"line":32,"column":90}},"17":{"start":{"line":32,"column":34},"end":{"line":32,"column":89}},"18":{"start":{"line":33,"column":16},"end":{"line":33,"column":46}},"19":{"start":{"line":36,"column":16},"end":{"line":36,"column":90}},"20":{"start":{"line":36,"column":34},"end":{"line":36,"column":89}},"21":{"start":{"line":37,"column":16},"end":{"line":37,"column":53}},"22":{"start":{"line":39,"column":24},"end":{"line":39,"column":64}},"23":{"start":{"line":39,"column":42},"end":{"line":39,"column":63}},"24":{"start":{"line":42,"column":21},"end":{"line":45,"column":5}},"25":{"start":{"line":43,"column":8},"end":{"line":43,"column":21}},"26":{"start":{"line":44,"column":8},"end":{"line":44,"column":14}},"27":{"start":{"line":50,"column":8},"end":{"line":50,"column":34}},"28":{"start":{"line":51,"column":8},"end":{"line":65,"column":54}},"29":{"start":{"line":55,"column":12},"end":{"line":57,"column":13}},"30":{"start":{"line":56,"column":16},"end":{"line":56,"column":39}},"31":{"start":{"line":59,"column":12},"end":{"line":59,"column":34}},"32":{"start":{"line":64,"column":26},"end":{"line":64,"column":42}},"33":{"start":{"line":65,"column":28},"end":{"line":65,"column":51}},"34":{"start":{"line":68,"column":17},"end":{"line":68,"column":19}},"35":{"start":{"line":69,"column":22},"end":{"line":72,"column":5}},"36":{"start":{"line":70,"column":8},"end":{"line":70,"column":28}},"37":{"start":{"line":71,"column":8},"end":{"line":71,"column":41}},"38":{"start":{"line":74,"column":4},"end":{"line":171,"column":5}},"39":{"start":{"line":129,"column":36},"end":{"line":129,"column":59}},"40":{"start":{"line":161,"column":32},"end":{"line":161,"column":50}}},"fnMap":{"0":{"name":"Promises","decl":{"start":{"line":4,"column":24},"end":{"line":4,"column":32}},"loc":{"start":{"line":4,"column":34},"end":{"line":172,"column":1}},"line":4},"1":{"name":"raisedSquareCallback","decl":{"start":{"line":11,"column":13},"end":{"line":11,"column":33}},"loc":{"start":{"line":11,"column":40},"end":{"line":19,"column":5}},"line":11},"2":{"name":"(anonymous_2)","decl":{"start":{"line":14,"column":31},"end":{"line":14,"column":32}},"loc":{"start":{"line":14,"column":44},"end":{"line":18,"column":13}},"line":14},"3":{"name":"(anonymous_3)","decl":{"start":{"line":15,"column":27},"end":{"line":15,"column":28}},"loc":{"start":{"line":15,"column":31},"end":{"line":17,"column":17}},"line":15},"4":{"name":"main","decl":{"start":{"line":21,"column":13},"end":{"line":21,"column":17}},"loc":{"start":{"line":21,"column":19},"end":{"line":40,"column":5}},"line":21},"5":{"name":"(anonymous_5)","decl":{"start":{"line":23,"column":18},"end":{"line":23,"column":19}},"loc":{"start":{"line":23,"column":25},"end":{"line":26,"column":13}},"line":23},"6":{"name":"(anonymous_6)","decl":{"start":{"line":24,"column":26},"end":{"line":24,"column":27}},"loc":{"start":{"line":24,"column":34},"end":{"line":24,"column":89}},"line":24},"7":{"name":"(anonymous_7)","decl":{"start":{"line":27,"column":18},"end":{"line":27,"column":19}},"loc":{"start":{"line":27,"column":25},"end":{"line":30,"column":13}},"line":27},"8":{"name":"(anonymous_8)","decl":{"start":{"line":28,"column":26},"end":{"line":28,"column":27}},"loc":{"start":{"line":28,"column":34},"end":{"line":28,"column":89}},"line":28},"9":{"name":"(anonymous_9)","decl":{"start":{"line":31,"column":18},"end":{"line":31,"column":19}},"loc":{"start":{"line":31,"column":25},"end":{"line":34,"column":13}},"line":31},"10":{"name":"(anonymous_10)","decl":{"start":{"line":32,"column":26},"end":{"line":32,"column":27}},"loc":{"start":{"line":32,"column":34},"end":{"line":32,"column":89}},"line":32},"11":{"name":"(anonymous_11)","decl":{"start":{"line":35,"column":18},"end":{"line":35,"column":19}},"loc":{"start":{"line":35,"column":25},"end":{"line":38,"column":13}},"line":35},"12":{"name":"(anonymous_12)","decl":{"start":{"line":36,"column":26},"end":{"line":36,"column":27}},"loc":{"start":{"line":36,"column":34},"end":{"line":36,"column":89}},"line":36},"13":{"name":"(anonymous_13)","decl":{"start":{"line":39,"column":19},"end":{"line":39,"column":20}},"loc":{"start":{"line":39,"column":24},"end":{"line":39,"column":64}},"line":39},"14":{"name":"(anonymous_14)","decl":{"start":{"line":39,"column":34},"end":{"line":39,"column":35}},"loc":{"start":{"line":39,"column":42},"end":{"line":39,"column":63}},"line":39},"15":{"name":"(anonymous_15)","decl":{"start":{"line":42,"column":21},"end":{"line":42,"column":22}},"loc":{"start":{"line":42,"column":27},"end":{"line":45,"column":5}},"line":42},"16":{"name":"example2","decl":{"start":{"line":49,"column":13},"end":{"line":49,"column":21}},"loc":{"start":{"line":49,"column":23},"end":{"line":66,"column":5}},"line":49},"17":{"name":"(anonymous_17)","decl":{"start":{"line":52,"column":14},"end":{"line":52,"column":15}},"loc":{"start":{"line":52,"column":34},"end":{"line":63,"column":9}},"line":52},"18":{"name":"(anonymous_18)","decl":{"start":{"line":64,"column":14},"end":{"line":64,"column":15}},"loc":{"start":{"line":64,"column":24},"end":{"line":64,"column":44}},"line":64},"19":{"name":"(anonymous_19)","decl":{"start":{"line":65,"column":15},"end":{"line":65,"column":16}},"loc":{"start":{"line":65,"column":26},"end":{"line":65,"column":53}},"line":65},"20":{"name":"(anonymous_20)","decl":{"start":{"line":69,"column":22},"end":{"line":69,"column":23}},"loc":{"start":{"line":69,"column":30},"end":{"line":72,"column":5}},"line":69},"21":{"name":"(anonymous_21)","decl":{"start":{"line":128,"column":43},"end":{"line":128,"column":44}},"loc":{"start":{"line":129,"column":36},"end":{"line":129,"column":59}},"line":129},"22":{"name":"(anonymous_22)","decl":{"start":{"line":160,"column":42},"end":{"line":160,"column":43}},"loc":{"start":{"line":161,"column":32},"end":{"line":161,"column":50}},"line":161}},"branchMap":{"0":{"loc":{"start":{"line":12,"column":8},"end":{"line":13,"column":78}},"type":"if","locations":[{"start":{"line":12,"column":8},"end":{"line":13,"column":78}},{"start":{},"end":{}}],"line":12},"1":{"loc":{"start":{"line":55,"column":12},"end":{"line":57,"column":13}},"type":"if","locations":[{"start":{"line":55,"column":12},"end":{"line":57,"column":13}},{"start":{},"end":{}}],"line":55},"2":{"loc":{"start":{"line":159,"column":25},"end":{"line":164,"column":44}},"type":"cond-expr","locations":[{"start":{"line":160,"column":30},"end":{"line":163,"column":33}},{"start":{"line":164,"column":30},"end":{"line":164,"column":44}}],"line":159}},"s":{"0":0,"1":0,"2":0,"3":0,"4":0,"5":0,"6":0,"7":0,"8":0,"9":0,"10":0,"11":0,"12":0,"13":0,"14":0,"15":0,"16":0,"17":0,"18":0,"19":0,"20":0,"21":0,"22":0,"23":0,"24":0,"25":0,"26":0,"27":0,"28":0,"29":0,"30":0,"31":0,"32":0,"33":0,"34":0,"35":0,"36":0,"37":0,"38":0,"39":0,"40":0},"f":{"0":0,"1":0,"2":0,"3":0,"4":0,"5":0,"6":0,"7":0,"8":0,"9":0,"10":0,"11":0,"12":0,"13":0,"14":0,"15":0,"16":0,"17":0,"18":0,"19":0,"20":0,"21":0,"22":0},"b":{"0":[0,0],"1":[0,0],"2":[0,0]}}
,"C:\\xampp\\htdocs\\www\\react-concepts-javascript\\src\\pages\\Javascript\\PromisesAsyncAwait\\PromisesAsyncAwait.jsx": {"path":"C:\\xampp\\htdocs\\www\\react-concepts-javascript\\src\\pages\\Javascript\\PromisesAsyncAwait\\PromisesAsyncAwait.jsx","statementMap":{"0":{"start":{"line":3,"column":4},"end":{"line":43,"column":5}}},"fnMap":{"0":{"name":"PromisesAsyncAwait","decl":{"start":{"line":2,"column":24},"end":{"line":2,"column":42}},"loc":{"start":{"line":2,"column":45},"end":{"line":44,"column":1}},"line":2}},"branchMap":{},"s":{"0":0},"f":{"0":0},"b":{}}
,"C:\\xampp\\htdocs\\www\\react-concepts-javascript\\src\\pages\\Javascript\\ScopeJs\\ScopeJs.jsx": {"path":"C:\\xampp\\htdocs\\www\\react-concepts-javascript\\src\\pages\\Javascript\\ScopeJs\\ScopeJs.jsx","statementMap":{"0":{"start":{"line":4,"column":2},"end":{"line":12,"column":3}}},"fnMap":{"0":{"name":"ScopeJs","decl":{"start":{"line":3,"column":24},"end":{"line":3,"column":31}},"loc":{"start":{"line":3,"column":33},"end":{"line":13,"column":1}},"line":3}},"branchMap":{},"s":{"0":0},"f":{"0":0},"b":{}}
,"C:\\xampp\\htdocs\\www\\react-concepts-javascript\\src\\pages\\Javascript\\SolidJS\\DependencyInversion.jsx": {"path":"C:\\xampp\\htdocs\\www\\react-concepts-javascript\\src\\pages\\Javascript\\SolidJS\\DependencyInversion.jsx","statementMap":{"0":{"start":{"line":3,"column":28},"end":{"line":7,"column":1}},"1":{"start":{"line":4,"column":2},"end":{"line":6,"column":3}}},"fnMap":{"0":{"name":"(anonymous_0)","decl":{"start":{"line":3,"column":28},"end":{"line":3,"column":29}},"loc":{"start":{"line":3,"column":34},"end":{"line":7,"column":1}},"line":3}},"branchMap":{},"s":{"0":0,"1":0},"f":{"0":0},"b":{}}
,"C:\\xampp\\htdocs\\www\\react-concepts-javascript\\src\\pages\\Javascript\\SolidJS\\InterfaceSegregation.jsx": {"path":"C:\\xampp\\htdocs\\www\\react-concepts-javascript\\src\\pages\\Javascript\\SolidJS\\InterfaceSegregation.jsx","statementMap":{"0":{"start":{"line":3,"column":29},"end":{"line":7,"column":1}},"1":{"start":{"line":4,"column":2},"end":{"line":6,"column":3}}},"fnMap":{"0":{"name":"(anonymous_0)","decl":{"start":{"line":3,"column":29},"end":{"line":3,"column":30}},"loc":{"start":{"line":3,"column":35},"end":{"line":7,"column":1}},"line":3}},"branchMap":{},"s":{"0":0,"1":0},"f":{"0":0},"b":{}}
[...]
\SolidJS\\SingleResponsabilityPrinciple.js","statementMap":{"0":{"start":{"line":4,"column":12},"end":{"line":4,"column":27}},"1":{"start":{"line":5,"column":12},"end":{"line":5,"column":35}},"2":{"start":{"line":8,"column":24},"end":{"line":8,"column":45}},"3":{"start":{"line":9,"column":25},"end":{"line":9,"column":41}},"4":{"start":{"line":10,"column":12},"end":{"line":10,"column":24}},"5":{"start":{"line":13,"column":25},"end":{"line":14,"column":46}},"6":{"start":{"line":14,"column":16},"end":{"line":14,"column":41}},"7":{"start":{"line":15,"column":12},"end":{"line":15,"column":42}},"8":{"start":{"line":22,"column":12},"end":{"line":22,"column":27}},"9":{"start":{"line":25,"column":24},"end":{"line":25,"column":45}},"10":{"start":{"line":26,"column":25},"end":{"line":26,"column":41}},"11":{"start":{"line":27,"column":12},"end":{"line":27,"column":24}},"12":{"start":{"line":33,"column":12},"end":{"line":33,"column":35}},"13":{"start":{"line":36,"column":25},"end":{"line":37,"column":46}},"14":{"start":{"line":37,"column":16},"end":{"line":37,"column":41}},"15":{"start":{"line":38,"column":12},"end":{"line":38,"column":42}}},"fnMap":{"0":{"name":"(anonymous_0)","decl":{"start":{"line":3,"column":8},"end":{"line":3,"column":9}},"loc":{"start":{"line":3,"column":33},"end":{"line":6,"column":9}},"line":3},"1":{"name":"(anonymous_1)","decl":{"start":{"line":7,"column":8},"end":{"line":7,"column":9}},"loc":{"start":{"line":7,"column":19},"end":{"line":11,"column":9}},"line":7},"2":{"name":"(anonymous_2)","decl":{"start":{"line":12,"column":8},"end":{"line":12,"column":9}},"loc":{"start":{"line":12,"column":23},"end":{"line":16,"column":9}},"line":12},"3":{"name":"(anonymous_3)","decl":{"start":{"line":13,"column":37},"end":{"line":13,"column":38}},"loc":{"start":{"line":14,"column":16},"end":{"line":14,"column":41}},"line":14},"4":{"name":"(anonymous_4)","decl":{"start":{"line":21,"column":8},"end":{"line":21,"column":9}},"loc":{"start":{"line":21,"column":24},"end":{"line":23,"column":9}},"line":21},"5":{"name":"(anonymous_5)","decl":{"start":{"line":24,"column":8},"end":{"line":24,"column":9}},"loc":{"start":{"line":24,"column":19},"end":{"line":28,"column":9}},"line":24},"6":{"name":"(anonymous_6)","decl":{"start":{"line":32,"column":8},"end":{"line":32,"column":9}},"loc":{"start":{"line":32,"column":28},"end":{"line":34,"column":9}},"line":32},"7":{"name":"(anonymous_7)","decl":{"start":{"line":35,"column":8},"end":{"line":35,"column":9}},"loc":{"start":{"line":35,"column":23},"end":{"line":39,"column":9}},"line":35},"8":{"name":"(anonymous_8)","decl":{"start":{"line":36,"column":37},"end":{"line":36,"column":38}},"loc":{"start":{"line":37,"column":16},"end":{"line":37,"column":41}},"line":37}},"branchMap":{},"s":{"0":0,"1":0,"2":0,"3":0,"4":0,"5":0,"6":0,"7":0,"8":0,"9":0,"10":0,"11":0,"12":0,"13":0,"14":0,"15":0},"f":{"0":0,"1":0,"2":0,"3":0,"4":0,"5":0,"6":0,"7":0,"8":0},"b":{}}
,"C:\\xampp\\htdocs\\www\\react-concepts-javascript\\src\\pages\\Javascript\\SolidJS\\SolidJS.jsx": {"path":"C:\\xampp\\htdocs\\www\\react-concepts-javascript\\src\\pages\\Javascript\\SolidJS\\SolidJS.jsx","statementMap":{"0":{"start":{"line":9,"column":24},"end":{"line":30,"column":1}},"1":{"start":{"line":33,"column":2},"end":{"line":44,"column":3}},"2":{"start":{"line":39,"column":12},"end":{"line":39,"column":64}}},"fnMap":{"0":{"name":"SolidJS","decl":{"start":{"line":32,"column":24},"end":{"line":32,"column":31}},"loc":{"start":{"line":32,"column":33},"end":{"line":45,"column":1}},"line":32},"1":{"name":"(anonymous_1)","decl":{"start":{"line":38,"column":28},"end":{"line":38,"column":29}},"loc":{"start":{"line":39,"column":12},"end":{"line":39,"column":64}},"line":39}},"branchMap":{},"s":{"0":0,"1":0,"2":0},"f":{"0":0,"1":0},"b":{}}
,"C:\\xampp\\htdocs\\www\\react-concepts-javascript\\src\\pages\\Javascript\\SortMethods\\SortMethods.jsx": {"path":"C:\\xampp\\htdocs\\www\\react-concepts-javascript\\src\\pages\\Javascript\\SortMethods\\SortMethods.jsx","statementMap":{"0":{"start":{"line":3,"column":24},"end":{"line":6,"column":1}},"1":{"start":{"line":10,"column":16},"end":{"line":10,"column":36}},"2":{"start":{"line":12,"column":28},"end":{"line":12,"column":41}},"3":{"start":{"line":16,"column":8},"end":{"line":24,"column":9}},"4":{"start":{"line":16,"column":18},"end":{"line":16,"column":19}},"5":{"start":{"line":17,"column":22},"end":{"line":17,"column":30}},"6":{"start":{"line":18,"column":20},"end":{"line":18,"column":25}},"7":{"start":{"line":19,"column":12},"end":{"line":22,"column":13}},"8":{"start":{"line":20,"column":16},"end":{"line":20,"column":40}},"9":{"start":{"line":21,"column":16},"end":{"line":21,"column":22}},"10":{"start":{"line":23,"column":12},"end":{"line":23,"column":30}},"11":{"start":{"line":25,"column":8},"end":{"line":25,"column":20}},"12":{"start":{"line":30,"column":8},"end":{"line":43,"column":9}},"13":{"start":{"line":30,"column":18},"end":{"line":30,"column":19}},"14":{"start":{"line":31,"column":12},"end":{"line":42,"column":13}},"15":{"start":{"line":31,"column":24},"end":{"line":31,"column":25}},"16":{"start":{"line":33,"column":16},"end":{"line":41,"column":17}},"17":{"start":{"line":35,"column":30},"end":{"line":35,"column":38}},"18":{"start":{"line":37,"column":20},"end":{"line":37,"column":43}},"19":{"start":{"line":39,"column":20},"end":{"line":39,"column":39}},"20":{"start":{"line":44,"column":8},"end":{"line":44,"column":20}},"21":{"start":{"line":47,"column":23},"end":{"line":50,"column":5}},"22":{"start":{"line":48,"column":26},"end":{"line":48,"column":38}},"23":{"start":{"line":49,"column":8},"end":{"line":49,"column":28}},"24":{"start":{"line":52,"column":4},"end":{"line":75,"column":5}},"25":{"start":{"line":56,"column":33},"end":{"line":56,"column":58}},"26":{"start":{"line":57,"column":33},"end":{"line":57,"column":55}},"27":{"start":{"line":61,"column":24},"end":{"line":61,"column":34}},"28":{"start":{"line":68,"column":24},"end":{"line":68,"column":34}}},"fnMap":{"0":{"name":"SortMethods","decl":{"start":{"line":8,"column":24},"end":{"line":8,"column":35}},"loc":{"start":{"line":8,"column":37},"end":{"line":76,"column":1}},"line":8},"1":{"name":"sortInsertion","decl":{"start":{"line":14,"column":13},"end":{"line":14,"column":26}},"loc":{"start":{"line":14,"column":35},"end":{"line":26,"column":5}},"line":14},"2":{"name":"sortBubble","decl":{"start":{"line":28,"column":13},"end":{"line":28,"column":23}},"loc":{"start":{"line":28,"column":32},"end":{"line":45,"column":5}},"line":28},"3":{"name":"(anonymous_3)","decl":{"start":{"line":47,"column":23},"end":{"line":47,"column":24}},"loc":{"start":{"line":47,"column":35},"end":{"line":50,"column":5}},"line":47},"4":{"name":"(anonymous_4)","decl":{"start":{"line":56,"column":29},"end":{"line":56,"column":30}},"loc":{"start":{"line":56,"column":33},"end":{"line":56,"column":58}},"line":56},"5":{"name":"(anonymous_5)","decl":{"start":{"line":57,"column":29},"end":{"line":57,"column":30}},"loc":{"start":{"line":57,"column":33},"end":{"line":57,"column":55}},"line":57},"6":{"name":"(anonymous_6)","decl":{"start":{"line":60,"column":28},"end":{"line":60,"column":29}},"loc":{"start":{"line":61,"column":24},"end":{"line":61,"column":34}},"line":61},"7":{"name":"(anonymous_7)","decl":{"start":{"line":67,"column":29},"end":{"line":67,"column":30}},"loc":{"start":{"line":68,"column":24},"end":{"line":68,"column":34}},"line":68}},"branchMap":{"0":{"loc":{"start":{"line":19,"column":18},"end":{"line":19,"column":42}},"type":"binary-expr","locations":[{"start":{"line":19,"column":18},"end":{"line":19,"column":24}},{"start":{"line":19,"column":28},"end":{"line":19,"column":42}}],"line":19},"1":{"loc":{"start":{"line":33,"column":16},"end":{"line":41,"column":17}},"type":"if","locations":[{"start":{"line":33,"column":16},"end":{"line":41,"column":17}},{"start":{},"end":{}}],"line":33}},"s":{"0":0,"1":0,"2":0,"3":0,"4":0,"5":0,"6":0,"7":0,"8":0,"9":0,"10":0,"11":0,"12":0,"13":0,"14":0,"15":0,"16":0,"17":0,"18":0,"19":0,"20":0,"21":0,"22":0,"23":0,"24":0,"25":0,"26":0,"27":0,"28":0},"f":{"0":0,"1":0,"2":0,"3":0,"4":0,"5":0,"6":0,"7":0},"b":{"0":[0,0],"1":[0,0]}}
,"C:\\xampp\\htdocs\\www\\react-concepts-javascript\\src\\pages\\Javascript\\This\\This.jsx": {"path":"C:\\xampp\\htdocs\\www\\react-concepts-javascript\\src\\pages\\Javascript\\This\\This.jsx","statementMap":{"0":{"start":{"line":3,"column":4},"end":{"line":40,"column":5}}},"fnMap":{"0":{"name":"This","decl":{"start":{"line":2,"column":16},"end":{"line":2,"column":20}},"loc":{"start":{"line":2,"column":22},"end":{"line":41,"column":1}},"line":2}},"branchMap":{},"s":{"0":0},"f":{"0":0},"b":{}}
,"C:\\xampp\\htdocs\\www\\react-concepts-javascript\\src\\pages\\Javascript\\Variables\\Variables.jsx": {"path":"C:\\xampp\\htdocs\\www\\react-concepts-javascript\\src\\pages\\Javascript\\Variables\\Variables.jsx","statementMap":{"0":{"start":{"line":8,"column":4},"end":{"line":126,"column":5}}},"fnMap":{"0":{"name":"Variables","decl":{"start":{"line":7,"column":24},"end":{"line":7,"column":33}},"loc":{"start":{"line":7,"column":35},"end":{"line":127,"column":1}},"line":7}},"branchMap":{},"s":{"0":0},"f":{"0":0},"b":{}}
,"C:\\xampp\\htdocs\\www\\react-concepts-javascript\\src\\pages\\Jest\\Introduction\\Introduction.jsx": {"path":"C:\\xampp\\htdocs\\www\\react-concepts-javascript\\src\\pages\\Jest\\Introduction\\Introduction.jsx","statementMap":{"0":{"start":{"line":4,"column":2},"end":{"line":37,"column":3}}},"fnMap":{"0":{"name":"Introduction","decl":{"start":{"line":3,"column":24},"end":{"line":3,"column":36}},"loc":{"start":{"line":3,"column":39},"end":{"line":38,"column":1}},"line":3}},"branchMap":{},"s":{"0":0},"f":{"0":0},"b":{}}
,"C:\\xampp\\htdocs\\www\\react-concepts-javascript\\src\\pages\\Jest\\Introduction\\JestMenu.jsx": {"path":"C:\\xampp\\htdocs\\www\\react-concepts-javascript\\src\\pages\\Jest\\Introduction\\JestMenu.jsx","statementMap":{"0":{"start":{"line":5,"column":4},"end":{"line":9,"column":5}}},"fnMap":{"0":{"name":"JestMenu","decl":{"start":{"line":4,"column":9},"end":{"line":4,"column":17}},"loc":{"start":{"line":4,"column":20},"end":{"line":10,"column":1}},"line":4}},"branchMap":{},"s":{"0":0},"f":{"0":0},"b":{}}
,"C:\\xampp\\htdocs\\www\\react-concepts-javascript\\src\\pages\\React\\ReactMenu.jsx": {"path":"C:\\xampp\\htdocs\\www\\react-concepts-javascript\\src\\pages\\React\\ReactMenu.jsx","statementMap":{"0":{"start":{"line":5,"column":18},"end":{"line":20,"column":1}},"1":{"start":{"line":6,"column":2},"end":{"line":19,"column":3}}},"fnMap":{"0":{"name":"(anonymous_0)","decl":{"start":{"line":5,"column":18},"end":{"line":5,"column":19}},"loc":{"start":{"line":5,"column":24},"end":{"line":20,"column":1}},"line":5}},"branchMap":{},"s":{"0":0,"1":0},"f":{"0":0},"b":{}}
,"C:\\xampp\\htdocs\\www\\react-concepts-javascript\\src\\pages\\React\\index.js": {"path":"C:\\xampp\\htdocs\\www\\react-concepts-javascript\\src\\pages\\React\\index.js","statementMap":{},"fnMap":{},"branchMap":{},"s":{},"f":{},"b":{}}
,"C:\\xampp\\htdocs\\www\\react-concepts-javascript\\src\\pages\\React\\Context\\Context.jsx": {"path":"C:\\xampp\\htdocs\\www\\react-concepts-javascript\\src\\pages\\React\\Context\\Context.jsx","statementMap":{"0":{"start":{"line":6,"column":16},"end":{"line":66,"column":1}},"1":{"start":{"line":7,"column":2},"end":{"line":65,"column":3}}},"fnMap":{"0":{"name":"(anonymous_0)","decl":{"start":{"line":6,"column":16},"end":{"line":6,"column":17}},"loc":{"start":{"line":6,"column":22},"end":{"line":66,"column":1}},"line":6}},"branchMap":{},"s":{"0":0,"1":0},"f":{"0":0},"b":{}}
,"C:\\xampp\\htdocs\\www\\react-concepts-javascript\\src\\pages\\React\\CreateProject\\CreateProject.jsx": {"path":"C:\\xampp\\htdocs\\www\\react-concepts-javascript\\src\\pages\\React\\CreateProject\\CreateProject.jsx","statementMap":{"0":{"start":{"line":5,"column":22},"end":{"line":33,"column":1}},"1":{"start":{"line":6,"column":2},"end":{"line":32,"column":3}}},"fnMap":{"0":{"name":"(anonymous_0)","decl":{"start":{"line":5,"column":22},"end":{"line":5,"column":23}},"loc":{"start":{"line":5,"column":28},"end":{"line":33,"column":1}},"line":5}},"branchMap":{},"s":{"0":0,"1":0},"f":{"0":0},"b":{}}
,"C:\\xampp\\htdocs\\www\\react-concepts-javascript\\src\\pages\\React\\ReactHooks\\HookUseCallback.jsx": {"path":"C:\\xampp\\htdocs\\www\\react-concepts-javascript\\src\\pages\\React\\ReactHooks\\HookUseCallback.jsx","statementMap":{"0":{"start":{"line":3,"column":24},"end":{"line":7,"column":1}},"1":{"start":{"line":4,"column":2},"end":{"line":6,"column":3}}},"fnMap":{"0":{"name":"(anonymous_0)","decl":{"start":{"line":3,"column":24},"end":{"line":3,"column":25}},"loc":{"start":{"line":3,"column":30},"end":{"line":7,"column":1}},"line":3}},"branchMap":{},"s":{"0":0,"1":0},"f":{"0":0},"b":{}}
,"C:\\xampp\\htdocs\\www\\react-concepts-javascript\\src\\pages\\React\\ReactHooks\\HookUseMemo.jsx": {"path":"C:\\xampp\\htdocs\\www\\react-concepts-javascript\\src\\pages\\React\\ReactHooks\\HookUseMemo.jsx","statementMap":{"0":{"start":{"line":3,"column":20},"end":{"line":64,"column":1}},"1":{"start":{"line":5,"column":28},"end":{"line":5,"column":39}},"2":{"start":{"line":6,"column":24},"end":{"line":6,"column":35}},"3":{"start":{"line":8,"column":14},"end":{"line":11,"column":10}},"4":{"start":{"line":9,"column":4},"end":{"line":9,"column":22}},"5":{"start":{"line":10,"column":4},"end":{"line":10,"column":44}},"6":{"start":{"line":16,"column":20},"end":{"line":18,"column":3}},"7":{"start":{"line":17,"column":4},"end":{"line":17,"column":26}},"8":{"start":{"line":20,"column":22},"end":{"line":23,"column":3}},"9":{"start":{"line":21,"column":4},"end":{"line":21,"column":30}},"10":{"start":{"line":21,"column":21},"end":{"line":21,"column":29}},"11":{"start":{"line":22,"column":4},"end":{"line":22,"column":32}},"12":{"start":{"line":25,"column":2},"end":{"line":63,"column":3}}},"fnMap":{"0":{"name":"(anonymous_0)","decl":{"start":{"line":3,"column":20},"end":{"line":3,"column":21}},"loc":{"start":{"line":3,"column":26},"end":{"line":64,"column":1}},"line":3},"1":{"name":"(anonymous_1)","decl":{"start":{"line":8,"column":22},"end":{"line":8,"column":23}},"loc":{"start":{"line":8,"column":27},"end":{"line":11,"column":3}},"line":8},"2":{"name":"(anonymous_2)","decl":{"start":{"line":16,"column":20},"end":{"line":16,"column":21}},"loc":{"start":{"line":16,"column":27},"end":{"line":18,"column":3}},"line":16},"3":{"name":"(anonymous_3)","decl":{"start":{"line":20,"column":22},"end":{"line":20,"column":23}},"loc":{"start":{"line":20,"column":28},"end":{"line":23,"column":3}},"line":20},"4":{"name":"(anonymous_4)","decl":{"start":{"line":21,"column":13},"end":{"line":21,"column":14}},"loc":{"start":{"line":21,"column":21},"end":{"line":21,"column":29}},"line":21}},"branchMap":{"0":{"loc":{"start":{"line":10,"column":11},"end":{"line":10,"column":44}},"type":"binary-expr","locations":[{"start":{"line":10,"column":11},"end":{"line":10,"column":20}},{"start":{"line":10,"column":24},"end":{"line":10,"column":44}}],"line":10}},"s":{"0":0,"1":0,"2":0,"3":0,"4":0,"5":0,"6":0,"7":0,"8":0,"9":0,"10":0,"11":0,"12":0},"f":{"0":0,"1":0,"2":0,"3":0,"4":0},"b":{"0":[0,0]}}
,"C:\\xampp\\htdocs\\www\\react-concepts-javascript\\src\\pages\\React\\ReactHooks\\HookUseRef.jsx": {"path":"C:\\xampp\\htdocs\\www\\react-concepts-javascript\\src\\pages\\React\\ReactHooks\\HookUseRef.jsx","statementMap":{"0":{"start":{"line":3,"column":19},"end":{"line":17,"column":1}},"1":{"start":{"line":4,"column":4},"end":{"line":16,"column":5}}},"fnMap":{"0":{"name":"(anonymous_0)","decl":{"start":{"line":3,"column":19},"end":{"line":3,"column":20}},"loc":{"start":{"line":3,"column":25},"end":{"line":17,"column":1}},"line":3}},"branchMap":{},"s":{"0":0,"1":0},"f":{"0":0},"b":{}}
,"C:\\xampp\\htdocs\\www\\react-concepts-javascript\\src\\pages\\React\\ReactHooks\\ReactHooks.jsx": {"path":"C:\\xampp\\htdocs\\www\\react-concepts-javascript\\src\\pages\\React\\ReactHooks\\ReactHooks.jsx","statementMap":{"0":{"start":{"line":8,"column":19},"end":{"line":37,"column":1}},"1":{"start":{"line":10,"column":28},"end":{"line":10,"column":42}},"2":{"start":{"line":12,"column":23},"end":{"line":16,"column":5}},"3":{"start":{"line":18,"column":25},"end":{"line":21,"column":5}},"4":{"start":{"line":19,"column":21},"end":{"line":19,"column":35}},"5":{"start":{"line":20,"column":6},"end":{"line":20,"column":42}},"6":{"start":{"line":20,"column":22},"end":{"line":20,"column":40}},"7":{"start":{"line":23,"column":4},"end":{"line":36,"column":5}}},"fnMap":{"0":{"name":"(anonymous_0)","decl":{"start":{"line":8,"column":19},"end":{"line":8,"column":20}},"loc":{"start":{"line":8,"column":25},"end":{"line":37,"column":1}},"line":8},"1":{"name":"(anonymous_1)","decl":{"start":{"line":18,"column":25},"end":{"line":18,"column":26}},"loc":{"start":{"line":18,"column":32},"end":{"line":21,"column":5}},"line":18},"2":{"name":"(anonymous_2)","decl":{"start":{"line":20,"column":14},"end":{"line":20,"column":15}},"loc":{"start":{"line":20,"column":22},"end":{"line":20,"column":40}},"line":20}},"branchMap":{},"s":{"0":0,"1":0,"2":0,"3":0,"4":0,"5":0,"6":0,"7":0},"f":{"0":0,"1":0,"2":0},"b":{}}
,"C:\\xampp\\htdocs\\www\\react-concepts-javascript\\src\\pages\\React\\ReactRouterDom\\ReactRouterDom.jsx": {"path":"C:\\xampp\\htdocs\\www\\react-concepts-javascript\\src\\pages\\React\\ReactRouterDom\\ReactRouterDom.jsx","statementMap":{"0":{"start":{"line":6,"column":23},"end":{"line":49,"column":1}},"1":{"start":{"line":9,"column":4},"end":{"line":48,"column":5}}},"fnMap":{"0":{"name":"(anonymous_0)","decl":{"start":{"line":6,"column":23},"end":{"line":6,"column":24}},"loc":{"start":{"line":6,"column":29},"end":{"line":49,"column":1}},"line":6}},"branchMap":{},"s":{"0":0,"1":0},"f":{"0":0},"b":{}}
,"C:\\xampp\\htdocs\\www\\react-concepts-javascript\\src\\pages\\React\\Reducers\\Reducer.jsx": {"path":"C:\\xampp\\htdocs\\www\\react-concepts-javascript\\src\\pages\\React\\Reducers\\Reducer.jsx","statementMap":{"0":{"start":{"line":5,"column":16},"end":{"line":25,"column":1}},"1":{"start":{"line":6,"column":2},"end":{"line":24,"column":3}}},"fnMap":{"0":{"name":"(anonymous_0)","decl":{"start":{"line":5,"column":16},"end":{"line":5,"column":17}},"loc":{"start":{"line":5,"column":22},"end":{"line":25,"column":1}},"line":5}},"branchMap":{},"s":{"0":0,"1":0},"f":{"0":0},"b":{}}
,"C:\\xampp\\htdocs\\www\\react-concepts-javascript\\src\\routes\\RoutesApp.jsx": {"path":"C:\\xampp\\htdocs\\www\\react-concepts-javascript\\src\\routes\\RoutesApp.jsx","statementMap":{"0":{"start":{"line":8,"column":18},"end":{"line":37,"column":1}},"1":{"start":{"line":9,"column":2},"end":{"line":36,"column":3}},"2":{"start":{"line":15,"column":12},"end":{"line":15,"column":82}},"3":{"start":{"line":21,"column":12},"end":{"line":21,"column":82}},"4":{"start":{"line":27,"column":12},"end":{"line":27,"column":82}}},"fnMap":{"0":{"name":"(anonymous_0)","decl":{"start":{"line":8,"column":18},"end":{"line":8,"column":19}},"loc":{"start":{"line":8,"column":24},"end":{"line":37,"column":1}},"line":8},"1":{"name":"(anonymous_1)","decl":{"start":{"line":14,"column":41},"end":{"line":14,"column":42}},"loc":{"start":{"line":15,"column":12},"end":{"line":15,"column":82}},"line":15},"2":{"name":"(anonymous_2)","decl":{"start":{"line":20,"column":36},"end":{"line":20,"column":37}},"loc":{"start":{"line":21,"column":12},"end":{"line":21,"column":82}},"line":21},"3":{"name":"(anonymous_3)","decl":{"start":{"line":26,"column":30},"end":{"line":26,"column":31}},"loc":{"start":{"line":27,"column":12},"end":{"line":27,"column":82}},"line":27}},"branchMap":{},"s":{"0":0,"1":0,"2":0,"3":0,"4":0},"f":{"0":0,"1":0,"2":0,"3":0},"b":{}}
,"C:\\xampp\\htdocs\\www\\react-concepts-javascript\\src\\routes\\index.js": {"path":"C:\\xampp\\htdocs\\www\\react-concepts-javascript\\src\\routes\\index.js","statementMap":{},"fnMap":{},"branchMap":{},"s":{},"f":{},"b":{}}
}
