TN:
SF:src\App.jsx
FN:7,App
FNF:1
FNH:0
FNDA:0,App
DA:8,0
LF:1
LH:0
BRF:0
BRH:0
end_of_record
TN:
SF:src\main.jsx
FNF:0
FNH:0
DA:7,0
LF:1
LH:0
BRF:0
BRH:0
end_of_record
TN:
SF:src\components\index.js
FNF:0
FNH:0
LF:0
LH:0
BRF:0
BRH:0
end_of_record
TN:
SF:src\components\Accordion\AccordionContent.jsx
FN:1,(anonymous_0)
FNF:1
FNH:0
FNDA:0,(anonymous_0)
DA:1,0
DA:2,0
LF:2
LH:0
BRF:0
BRH:0
end_of_record
TN:
SF:src\components\Accordion\AccordionJS.jsx
FN:10,(anonymous_0)
FNF:1
FNH:0
FNDA:0,(anonymous_0)
DA:10,0
DA:12,0
LF:2
LH:0
BRF:0
BRH:0
end_of_record
TN:
SF:src\components\Accordion\index.js
FNF:0
FNH:0
LF:0
LH:0
BRF:0
BRH:0
end_of_record
TN:
SF:src\components\AppWrapper\AppWrapper.jsx
FN:3,(anonymous_0)
FNF:1
FNH:0
FNDA:0,(anonymous_0)
DA:3,0
DA:4,0
LF:2
LH:0
BRF:0
BRH:0
end_of_record
TN:
SF:src\components\Button\ButtonHome.jsx
FN:6,(anonymous_0)
FNF:1
FNH:0
FNDA:0,(anonymous_0)
DA:6,0
DA:7,0
LF:2
LH:0
BRF:0
BRH:0
end_of_record
TN:
SF:src\components\Button\index.js
FNF:0
FNH:0
LF:0
LH:0
BRF:0
BRH:0
end_of_record
TN:
SF:src\components\ComponentNotFound\ComponentNotFound.jsx
FN:4,(anonymous_0)
FNF:1
FNH:0
FNDA:0,(anonymous_0)
DA:4,0
DA:6,0
DA:14,0
LF:3
LH:0
BRF:0
BRH:0
end_of_record
TN:
SF:src\components\Header\Navbar.jsx
FN:3,(anonymous_0)
FNF:1
FNH:0
FNDA:0,(anonymous_0)
DA:3,0
DA:4,0
LF:2
LH:0
BRF:0
BRH:0
end_of_record
TN:
SF:src\components\MainContent\MainContent.jsx
FN:6,(anonymous_0)
FNF:1
FNH:0
FNDA:0,(anonymous_0)
DA:6,0
DA:7,0
LF:2
LH:0
BRF:0
BRH:0
end_of_record
TN:
SF:src\components\SidebarMenu\SidebarMenu.jsx
FN:6,(anonymous_0)
FNF:1
FNH:0
FNDA:0,(anonymous_0)
DA:6,0
DA:8,0
LF:2
LH:0
BRF:0
BRH:0
end_of_record
TN:
SF:src\components\Slider\ImageSlider.jsx
FN:4,(anonymous_0)
FN:10,(anonymous_1)
FN:16,(anonymous_2)
FN:22,(anonymous_3)
FN:23,(anonymous_4)
FN:26,(anonymous_5)
FN:59,(anonymous_6)
FNF:7
FNH:0
FNDA:0,(anonymous_0)
FNDA:0,(anonymous_1)
FNDA:0,(anonymous_2)
FNDA:0,(anonymous_3)
FNDA:0,(anonymous_4)
FNDA:0,(anonymous_5)
FNDA:0,(anonymous_6)
DA:4,0
DA:6,0
DA:8,0
DA:10,0
DA:11,0
DA:12,0
DA:13,0
DA:16,0
DA:17,0
DA:18,0
DA:19,0
DA:22,0
DA:23,0
DA:24,0
DA:26,0
DA:51,0
DA:60,0
LF:17
LH:0
BRDA:12,0,0,0
BRDA:12,0,1,0
BRDA:18,1,0,0
BRDA:18,1,1,0
BRDA:60,2,0,0
BRDA:60,2,1,0
BRF:6
BRH:0
end_of_record
TN:
SF:src\components\Slider\Slider.jsx
FN:4,(anonymous_0)
FNF:1
FNH:0
FNDA:0,(anonymous_0)
DA:4,0
DA:5,0
LF:2
LH:0
BRF:0
BRH:0
end_of_record
TN:
SF:src\components\TreeView\TreeItemComponent.jsx
FN:5,(anonymous_0)
FNF:1
FNH:0
FNDA:0,(anonymous_0)
DA:5,0
DA:7,0
LF:2
LH:0
BRF:0
BRH:0
end_of_record
TN:
SF:src\components\TreeView\TreeViewComponent.jsx
FN:9,(anonymous_0)
FN:22,(anonymous_1)
FNF:2
FNH:0
FNDA:0,(anonymous_0)
FNDA:0,(anonymous_1)
DA:9,0
DA:11,0
DA:24,0
LF:3
LH:0
BRF:0
BRH:0
end_of_record
TN:
SF:src\data\components.javascript.jsx
FNF:0
FNH:0
DA:5,0
LF:1
LH:0
BRF:0
BRH:0
end_of_record
TN:
SF:src\data\components.react.jsx
FNF:0
FNH:0
DA:7,0
LF:1
LH:0
BRF:0
BRH:0
end_of_record
TN:
SF:src\data\concepts.jsx
FNF:0
FNH:0
DA:1,0
LF:1
LH:0
BRF:0
BRH:0
end_of_record
TN:
SF:src\data\imagesEventLoop.jsx
FNF:0
FNH:0
DA:12,0
LF:1
LH:0
BRF:0
BRH:0
end_of_record
TN:
SF:src\data\pages.jest.jsx
FNF:0
FNH:0
DA:4,0
LF:1
LH:0
BRF:0
BRH:0
end_of_record
TN:
SF:src\pages\index.js
FNF:0
FNH:0
LF:0
LH:0
BRF:0
BRH:0
end_of_record
TN:
SF:src\pages\Git\GitMenu.jsx
FN:3,(anonymous_0)
FNF:1
FNH:0
FNDA:0,(anonymous_0)
DA:3,0
DA:4,0
LF:2
LH:0
BRF:0
BRH:0
end_of_record
TN:
SF:src\pages\Home\Home.jsx
FN:11,(anonymous_0)
FNF:1
FNH:0
FNDA:0,(anonymous_0)
DA:11,0
DA:12,0
LF:2
LH:0
BRF:0
BRH:0
end_of_record
TN:
SF:src\pages\Home\index.js
FNF:0
FNH:0
LF:0
LH:0
BRF:0
BRH:0
end_of_record
TN:
SF:src\pages\Javascript\JavascriptMenu.jsx
FN:5,(anonymous_0)
FNF:1
FNH:0
FNDA:0,(anonymous_0)
DA:5,0
DA:7,0
LF:2
LH:0
BRF:0
BRH:0
end_of_record
TN:
SF:src\pages\Javascript\ArrowFunction\ArrowFunction.jsx
FN:5,(anonymous_0)
FN:9,Person
FN:15,(anonymous_2)
FN:26,contador
FN:27,(anonymous_4)
FN:35,(anonymous_5)
FN:40,(anonymous_6)
FNF:7
FNH:0
FNDA:0,(anonymous_0)
FNDA:0,Person
FNDA:0,(anonymous_2)
FNDA:0,contador
FNDA:0,(anonymous_4)
FNDA:0,(anonymous_5)
FNDA:0,(anonymous_6)
DA:5,0
DA:7,0
DA:11,0
DA:12,0
DA:13,0
DA:15,0
DA:17,0
DA:20,0
DA:21,0
DA:22,0
DA:24,0
DA:27,0
DA:28,0
DA:33,0
DA:35,0
DA:36,0
DA:40,0
DA:41,0
DA:46,0
LF:19
LH:0
BRF:0
BRH:0
end_of_record
TN:
SF:src\pages\Javascript\ArrowFunction\ArrowFunctionExamples.js
FN:4,myFunctionNormal
FN:12,(anonymous_1)
FN:20,scopeThis
FN:22,(anonymous_3)
FN:42,(anonymous_4)
FN:43,(anonymous_5)
FN:45,(anonymous_6)
FN:48,(anonymous_7)
FN:49,(anonymous_8)
FN:51,(anonymous_9)
FN:52,(anonymous_10)
FN:68,PersonaA
FN:74,(anonymous_12)
FN:90,Persona
FN:95,(anonymous_14)
FN:117,(anonymous_15)
FN:117,(anonymous_16)
FNF:17
FNH:0
FNDA:0,myFunctionNormal
FNDA:0,(anonymous_1)
FNDA:0,scopeThis
FNDA:0,(anonymous_3)
FNDA:0,(anonymous_4)
FNDA:0,(anonymous_5)
FNDA:0,(anonymous_6)
FNDA:0,(anonymous_7)
FNDA:0,(anonymous_8)
FNDA:0,(anonymous_9)
FNDA:0,(anonymous_10)
FNDA:0,PersonaA
FNDA:0,(anonymous_12)
FNDA:0,Persona
FNDA:0,(anonymous_14)
FNDA:0,(anonymous_15)
FNDA:0,(anonymous_16)
DA:5,0
DA:7,0
DA:12,0
DA:13,0
DA:15,0
DA:21,0
DA:23,0
DA:27,0
DA:30,0
DA:31,0
DA:39,0
DA:43,0
DA:46,0
DA:49,0
DA:52,0
DA:57,0
DA:58,0
DA:59,0
DA:60,0
DA:61,0
DA:63,0
DA:64,0
DA:70,0
DA:71,0
DA:72,0
DA:74,0
DA:77,0
DA:78,0
DA:80,0
DA:81,0
DA:82,0
DA:85,0
DA:86,0
DA:92,0
DA:93,0
DA:95,0
DA:98,0
DA:99,0
DA:101,0
DA:102,0
DA:105,0
DA:106,0
DA:107,0
DA:110,0
DA:117,0
DA:122,0
LF:46
LH:0
BRDA:77,0,0,0
BRDA:77,0,1,0
BRDA:98,1,0,0
BRDA:98,1,1,0
BRF:4
BRH:0
end_of_record
TN:
SF:src\pages\Javascript\AsyncAwait\AsyncAwait.jsx
FN:3,(anonymous_0)
FNF:1
FNH:0
FNDA:0,(anonymous_0)
DA:3,0
DA:4,0
LF:2
LH:0
BRF:0
BRH:0
end_of_record
TN:
SF:src\pages\Javascript\Callback\Callback.jsx
FN:4,Callback
FN:12,raisedSquareCallback
FN:13,(anonymous_2)
FN:14,(anonymous_3)
FN:20,(anonymous_4)
FN:24,(anonymous_5)
FN:25,(anonymous_6)
FN:26,(anonymous_7)
FN:28,(anonymous_8)
FN:29,(anonymous_9)
FN:30,(anonymous_10)
FN:32,(anonymous_11)
FN:39,doAsyncTask
FN:40,(anonymous_13)
FN:41,(anonymous_14)
FN:42,(anonymous_15)
FN:47,onTaskComplete
FN:48,(anonymous_17)
FN:51,(anonymous_18)
FN:53,(anonymous_19)
FN:55,(anonymous_20)
FN:59,(anonymous_21)
FN:82,(anonymous_22)
FN:144,(anonymous_23)
FN:178,(anonymous_24)
FNF:25
FNH:0
FNDA:0,Callback
FNDA:0,raisedSquareCallback
FNDA:0,(anonymous_2)
FNDA:0,(anonymous_3)
FNDA:0,(anonymous_4)
FNDA:0,(anonymous_5)
FNDA:0,(anonymous_6)
FNDA:0,(anonymous_7)
FNDA:0,(anonymous_8)
FNDA:0,(anonymous_9)
FNDA:0,(anonymous_10)
FNDA:0,(anonymous_11)
FNDA:0,doAsyncTask
FNDA:0,(anonymous_13)
FNDA:0,(anonymous_14)
FNDA:0,(anonymous_15)
FNDA:0,onTaskComplete
FNDA:0,(anonymous_17)
FNDA:0,(anonymous_18)
FNDA:0,(anonymous_19)
FNDA:0,(anonymous_20)
FNDA:0,(anonymous_21)
FNDA:0,(anonymous_22)
FNDA:0,(anonymous_23)
FNDA:0,(anonymous_24)
DA:6,0
DA:7,0
DA:13,0
DA:14,0
DA:16,0
DA:20,0
DA:21,0
DA:24,0
DA:25,0
DA:26,0
DA:28,0
DA:29,0
DA:30,0
DA:32,0
DA:40,0
DA:41,0
DA:42,0
DA:43,0
DA:48,0
DA:51,0
DA:52,0
DA:53,0
DA:54,0
DA:55,0
DA:59,0
DA:60,0
DA:62,0
DA:63,0
DA:64,0
DA:65,0
DA:66,0
DA:67,0
DA:71,0
DA:76,0
DA:82,0
DA:83,0
DA:84,0
DA:85,0
DA:87,0
DA:90,0
DA:145,0
DA:179,0
LF:42
LH:0
BRDA:66,0,0,0
BRDA:66,0,1,0
BRDA:83,1,0,0
BRDA:83,1,1,0
BRF:4
BRH:0
end_of_record
TN:
SF:src\pages\Javascript\Closure\Closure.jsx
FN:10,(anonymous_0)
FN:20,(anonymous_1)
FN:21,(anonymous_2)
FN:22,(anonymous_3)
FN:23,(anonymous_4)
FN:24,(anonymous_5)
FN:25,(anonymous_6)
FN:26,(anonymous_7)
FN:29,setImage
FN:32,(anonymous_9)
FN:42,(anonymous_10)
FN:88,loadArray
FN:91,(anonymous_12)
FN:106,showPagination
FN:107,(anonymous_14)
FN:120,(anonymous_15)
FNF:16
FNH:0
FNDA:0,(anonymous_0)
FNDA:0,(anonymous_1)
FNDA:0,(anonymous_2)
FNDA:0,(anonymous_3)
FNDA:0,(anonymous_4)
FNDA:0,(anonymous_5)
FNDA:0,(anonymous_6)
FNDA:0,(anonymous_7)
FNDA:0,setImage
FNDA:0,(anonymous_9)
FNDA:0,(anonymous_10)
FNDA:0,loadArray
FNDA:0,(anonymous_12)
FNDA:0,showPagination
FNDA:0,(anonymous_14)
FNDA:0,(anonymous_15)
DA:10,0
DA:12,0
DA:15,0
DA:16,0
DA:19,0
DA:20,0
DA:21,0
DA:22,0
DA:23,0
DA:24,0
DA:25,0
DA:26,0
DA:30,0
DA:31,0
DA:32,0
DA:33,0
DA:34,0
DA:37,0
DA:41,0
DA:42,0
DA:43,0
DA:48,0
DA:83,0
DA:89,0
DA:90,0
DA:91,0
DA:92,0
DA:93,0
DA:94,0
DA:95,0
DA:96,0
DA:97,0
DA:100,0
DA:102,0
DA:107,0
DA:109,0
DA:118,0
DA:120,0
DA:121,0
DA:124,0
DA:138,0
DA:140,0
DA:141,0
DA:143,0
DA:144,0
DA:147,0
DA:149,0
DA:150,0
DA:152,0
LF:49
LH:0
BRDA:33,0,0,0
BRDA:33,0,1,0
BRDA:92,1,0,0
BRDA:92,1,1,0
BRDA:94,2,0,0
BRDA:94,2,1,0
BRDA:95,3,0,0
BRDA:95,3,1,0
BRF:8
BRH:0
end_of_record
TN:
SF:src\pages\Javascript\EventLoop\EventLoop.jsx
FN:5,EventLoop
FN:9,showDate
FN:10,(anonymous_2)
FN:14,(anonymous_3)
FN:18,greeting
FN:20,(anonymous_5)
FN:23,goodBye
FN:25,(anonymous_7)
FN:28,getData
FN:38,main
FN:42,(anonymous_10)
FN:44,(anonymous_11)
FN:46,(anonymous_12)
FN:48,(anonymous_13)
FN:50,(anonymous_14)
FN:52,(anonymous_15)
FN:57,(anonymous_16)
FN:64,Mathpow
FN:66,(anonymous_18)
FN:68,Callback_SetInterval
FN:69,(anonymous_20)
FN:71,(anonymous_21)
FN:72,(anonymous_22)
FN:74,(anonymous_23)
FN:78,Message1
FN:79,(anonymous_25)
FN:81,(anonymous_26)
FN:84,Message2
FN:89,(anonymous_28)
FN:92,Callback_ClearInterval
FN:93,(anonymous_30)
FN:96,(anonymous_31)
FN:99,Message3
FN:101,(anonymous_33)
FN:104,main2
FN:113,(anonymous_35)
FN:203,(anonymous_36)
FN:237,(anonymous_37)
FNF:38
FNH:0
FNDA:0,EventLoop
FNDA:0,showDate
FNDA:0,(anonymous_2)
FNDA:0,(anonymous_3)
FNDA:0,greeting
FNDA:0,(anonymous_5)
FNDA:0,goodBye
FNDA:0,(anonymous_7)
FNDA:0,getData
FNDA:0,main
FNDA:0,(anonymous_10)
FNDA:0,(anonymous_11)
FNDA:0,(anonymous_12)
FNDA:0,(anonymous_13)
FNDA:0,(anonymous_14)
FNDA:0,(anonymous_15)
FNDA:0,(anonymous_16)
FNDA:0,Mathpow
FNDA:0,(anonymous_18)
FNDA:0,Callback_SetInterval
FNDA:0,(anonymous_20)
FNDA:0,(anonymous_21)
FNDA:0,(anonymous_22)
FNDA:0,(anonymous_23)
FNDA:0,Message1
FNDA:0,(anonymous_25)
FNDA:0,(anonymous_26)
FNDA:0,Message2
FNDA:0,(anonymous_28)
FNDA:0,Callback_ClearInterval
FNDA:0,(anonymous_30)
FNDA:0,(anonymous_31)
FNDA:0,Message3
FNDA:0,(anonymous_33)
FNDA:0,main2
FNDA:0,(anonymous_35)
FNDA:0,(anonymous_36)
FNDA:0,(anonymous_37)
DA:7,0
DA:10,0
DA:11,0
DA:12,0
DA:14,0
DA:20,0
DA:25,0
DA:30,0
DA:31,0
DA:39,0
DA:40,0
DA:42,0
DA:44,0
DA:46,0
DA:48,0
DA:50,0
DA:52,0
DA:54,0
DA:57,0
DA:58,0
DA:59,0
DA:66,0
DA:69,0
DA:71,0
DA:72,0
DA:74,0
DA:79,0
DA:81,0
DA:85,0
DA:86,0
DA:87,0
DA:89,0
DA:93,0
DA:95,0
DA:96,0
DA:101,0
DA:105,0
DA:106,0
DA:107,0
DA:108,0
DA:109,0
DA:110,0
DA:113,0
DA:114,0
DA:115,0
DA:121,0
DA:204,0
DA:238,0
LF:48
LH:0
BRDA:28,0,0,0
BRF:1
BRH:0
end_of_record
TN:
SF:src\pages\Javascript\Exercises\Exercises.jsx
FN:2,exercises
FN:12,(anonymous_1)
FN:15,changeBy
FN:20,(anonymous_3)
FN:24,(anonymous_4)
FN:28,(anonymous_5)
FN:38,iniciar
FN:40,mostrarNombre
FN:48,makeAdder
FN:50,(anonymous_9)
FN:69,fibonacci
FN:81,memoizationFibo
FN:83,(anonymous_12)
FN:95,fibonacciRecursiva
FN:117,(anonymous_14)
FN:131,(anonymous_15)
FN:131,(anonymous_16)
FN:138,(anonymous_17)
FN:140,(anonymous_18)
FN:157,(anonymous_19)
FNF:20
FNH:0
FNDA:0,exercises
FNDA:0,(anonymous_1)
FNDA:0,changeBy
FNDA:0,(anonymous_3)
FNDA:0,(anonymous_4)
FNDA:0,(anonymous_5)
FNDA:0,iniciar
FNDA:0,mostrarNombre
FNDA:0,makeAdder
FNDA:0,(anonymous_9)
FNDA:0,fibonacci
FNDA:0,memoizationFibo
FNDA:0,(anonymous_12)
FNDA:0,fibonacciRecursiva
FNDA:0,(anonymous_14)
FNDA:0,(anonymous_15)
FNDA:0,(anonymous_16)
FNDA:0,(anonymous_17)
FNDA:0,(anonymous_18)
FNDA:0,(anonymous_19)
DA:4,0
DA:12,0
DA:13,0
DA:14,0
DA:16,0
DA:19,0
DA:21,0
DA:25,0
DA:29,0
DA:34,0
DA:35,0
DA:36,0
DA:39,0
DA:42,0
DA:44,0
DA:46,0
DA:49,0
DA:50,0
DA:51,0
DA:52,0
DA:56,0
DA:57,0
DA:59,0
DA:60,0
DA:68,0
DA:70,0
DA:71,0
DA:72,0
DA:73,0
DA:74,0
DA:78,0
DA:80,0
DA:83,0
DA:84,0
DA:86,0
DA:88,0
DA:89,0
DA:94,0
DA:96,0
DA:97,0
DA:98,0
DA:106,0
DA:107,0
DA:108,0
DA:115,0
DA:117,0
DA:119,0
DA:120,0
DA:121,0
DA:122,0
DA:123,0
DA:124,0
DA:126,0
DA:131,0
DA:138,0
DA:139,0
DA:140,0
DA:141,0
DA:142,0
DA:143,0
DA:145,0
DA:157,0
DA:158,0
DA:159,0
DA:160,0
DA:162,0
DA:166,0
DA:167,0
DA:247,0
LF:69
LH:0
BRDA:84,0,0,0
BRDA:84,0,1,0
BRDA:97,1,0,0
BRDA:97,1,1,0
BRDA:121,2,0,0
BRDA:121,2,1,0
BRDA:141,3,0,0
BRDA:141,3,1,0
BRF:8
BRH:0
end_of_record
TN:
SF:src\pages\Javascript\Hosting\Hosting.jsx
FN:1,Hoisting
FN:4,(anonymous_1)
FNF:2
FNH:0
FNDA:0,Hoisting
FNDA:0,(anonymous_1)
DA:3,0
DA:4,0
DA:5,0
DA:6,0
DA:7,0
DA:11,0
DA:12,0
DA:13,0
DA:14,0
DA:16,0
LF:10
LH:0
BRF:0
BRH:0
end_of_record
TN:
SF:src\pages\Javascript\Memoization\Memoization.jsx
FN:2,Memoization
FNF:1
FNH:0
FNDA:0,Memoization
DA:3,0
LF:1
LH:0
BRF:0
BRH:0
end_of_record
TN:
SF:src\pages\Javascript\Promises\Promises.jsx
FN:4,Promises
FN:11,raisedSquareCallback
FN:14,(anonymous_2)
FN:15,(anonymous_3)
FN:21,main
FN:23,(anonymous_5)
FN:24,(anonymous_6)
FN:27,(anonymous_7)
FN:28,(anonymous_8)
FN:31,(anonymous_9)
FN:32,(anonymous_10)
FN:35,(anonymous_11)
FN:36,(anonymous_12)
FN:39,(anonymous_13)
FN:39,(anonymous_14)
FN:42,(anonymous_15)
FN:49,example2
FN:52,(anonymous_17)
FN:64,(anonymous_18)
FN:65,(anonymous_19)
FN:69,(anonymous_20)
FN:128,(anonymous_21)
FN:160,(anonymous_22)
FNF:23
FNH:0
FNDA:0,Promises
FNDA:0,raisedSquareCallback
FNDA:0,(anonymous_2)
FNDA:0,(anonymous_3)
FNDA:0,main
FNDA:0,(anonymous_5)
FNDA:0,(anonymous_6)
FNDA:0,(anonymous_7)
FNDA:0,(anonymous_8)
FNDA:0,(anonymous_9)
FNDA:0,(anonymous_10)
FNDA:0,(anonymous_11)
FNDA:0,(anonymous_12)
FNDA:0,(anonymous_13)
FNDA:0,(anonymous_14)
FNDA:0,(anonymous_15)
FNDA:0,example2
FNDA:0,(anonymous_17)
FNDA:0,(anonymous_18)
FNDA:0,(anonymous_19)
FNDA:0,(anonymous_20)
FNDA:0,(anonymous_21)
FNDA:0,(anonymous_22)
DA:6,0
DA:7,0
DA:8,0
DA:9,0
DA:12,0
DA:13,0
DA:14,0
DA:15,0
DA:16,0
DA:22,0
DA:24,0
DA:25,0
DA:28,0
DA:29,0
DA:32,0
DA:33,0
DA:36,0
DA:37,0
DA:39,0
DA:42,0
DA:43,0
DA:44,0
DA:50,0
DA:51,0
DA:55,0
DA:56,0
DA:59,0
DA:64,0
DA:65,0
DA:68,0
DA:69,0
DA:70,0
DA:71,0
DA:74,0
DA:129,0
DA:161,0
LF:36
LH:0
BRDA:12,0,0,0
BRDA:12,0,1,0
BRDA:55,1,0,0
BRDA:55,1,1,0
BRDA:159,2,0,0
BRDA:159,2,1,0
BRF:6
BRH:0
end_of_record
TN:
SF:src\pages\Javascript\PromisesAsyncAwait\PromisesAsyncAwait.jsx
FN:2,PromisesAsyncAwait
FNF:1
FNH:0
FNDA:0,PromisesAsyncAwait
DA:3,0
LF:1
LH:0
BRF:0
BRH:0
end_of_record
TN:
SF:src\pages\Javascript\ScopeJs\ScopeJs.jsx
FN:3,ScopeJs
FNF:1
FNH:0
FNDA:0,ScopeJs
DA:4,0
LF:1
LH:0
BRF:0
BRH:0
end_of_record
TN:
SF:src\pages\Javascript\SolidJS\DependencyInversion.jsx
FN:3,(anonymous_0)
FNF:1
FNH:0
FNDA:0,(anonymous_0)
DA:3,0
DA:4,0
LF:2
LH:0
BRF:0
BRH:0
end_of_record
TN:
SF:src\pages\Javascript\SolidJS\InterfaceSegregation.jsx
FN:3,(anonymous_0)
FNF:1
FNH:0
FNDA:0,(anonymous_0)
DA:3,0
DA:4,0
LF:2
LH:0
BRF:0
BRH:0
end_of_record
TN:
SF:src\pages\Javascript\SolidJS\LiskovSubstitution.jsx
FN:3,(anonymous_0)
FNF:1
FNH:0
FNDA:0,(anonymous_0)
DA:3,0
DA:4,0
LF:2
LH:0
BRF:0
BRH:0
end_of_record
TN:
SF:src\pages\Javascript\SolidJS\OpenClose.jsx
FN:10,(anonymous_0)
FN:14,(anonymous_1)
FN:23,(anonymous_2)
FN:30,(anonymous_3)
FN:33,(anonymous_4)
FN:40,(anonymous_5)
FN:57,(anonymous_6)
FN:58,(anonymous_7)
FN:64,(anonymous_8)
FN:65,(anonymous_9)
FNF:10
FNH:0
FNDA:0,(anonymous_0)
FNDA:0,(anonymous_1)
FNDA:0,(anonymous_2)
FNDA:0,(anonymous_3)
FNDA:0,(anonymous_4)
FNDA:0,(anonymous_5)
FNDA:0,(anonymous_6)
FNDA:0,(anonymous_7)
FNDA:0,(anonymous_8)
FNDA:0,(anonymous_9)
DA:8,0
DA:10,0
DA:12,0
DA:14,0
DA:15,0
DA:16,0
DA:17,0
DA:23,0
DA:24,0
DA:25,0
DA:26,0
DA:27,0
DA:30,0
DA:31,0
DA:32,0
DA:33,0
DA:34,0
DA:35,0
DA:40,0
DA:41,0
DA:42,0
DA:45,0
DA:57,0
DA:58,0
DA:64,0
DA:65,0
LF:26
LH:0
BRF:0
BRH:0
end_of_record
TN:
SF:src\pages\Javascript\SolidJS\OpenCloseExample.js
FN:6,(anonymous_0)
FN:9,(anonymous_1)
FN:18,(anonymous_2)
FN:22,(anonymous_3)
FN:23,(anonymous_4)
FN:33,(anonymous_5)
FN:38,(anonymous_6)
FNF:7
FNH:0
FNDA:0,(anonymous_0)
FNDA:0,(anonymous_1)
FNDA:0,(anonymous_2)
FNDA:0,(anonymous_3)
FNDA:0,(anonymous_4)
FNDA:0,(anonymous_5)
FNDA:0,(anonymous_6)
DA:7,0
DA:10,0
DA:19,0
DA:23,0
DA:24,0
DA:25,0
DA:34,0
DA:35,0
DA:39,0
DA:40,0
LF:10
LH:0
BRF:0
BRH:0
end_of_record
TN:
SF:src\pages\Javascript\SolidJS\SingleResponsability.jsx
FN:10,(anonymous_0)
FN:17,(anonymous_1)
FN:28,(anonymous_2)
FN:37,(anonymous_3)
FN:54,(anonymous_4)
FN:55,(anonymous_5)
FN:62,(anonymous_6)
FN:63,(anonymous_7)
FNF:8
FNH:0
FNDA:0,(anonymous_0)
FNDA:0,(anonymous_1)
FNDA:0,(anonymous_2)
FNDA:0,(anonymous_3)
FNDA:0,(anonymous_4)
FNDA:0,(anonymous_5)
FNDA:0,(anonymous_6)
FNDA:0,(anonymous_7)
DA:8,0
DA:10,0
DA:13,0
DA:17,0
DA:18,0
DA:19,0
DA:20,0
DA:21,0
DA:28,0
DA:29,0
DA:30,0
DA:31,0
DA:33,0
DA:34,0
DA:37,0
DA:38,0
DA:39,0
DA:43,0
DA:54,0
DA:55,0
DA:62,0
DA:63,0
LF:22
LH:0
BRF:0
BRH:0
end_of_record
TN:
SF:src\pages\Javascript\SolidJS\SingleResponsabilityPrinciple.js
FN:3,(anonymous_0)
FN:7,(anonymous_1)
FN:12,(anonymous_2)
FN:13,(anonymous_3)
FN:21,(anonymous_4)
FN:24,(anonymous_5)
FN:32,(anonymous_6)
FN:35,(anonymous_7)
FN:36,(anonymous_8)
FNF:9
FNH:0
FNDA:0,(anonymous_0)
FNDA:0,(anonymous_1)
FNDA:0,(anonymous_2)
FNDA:0,(anonymous_3)
FNDA:0,(anonymous_4)
FNDA:0,(anonymous_5)
FNDA:0,(anonymous_6)
FNDA:0,(anonymous_7)
FNDA:0,(anonymous_8)
DA:4,0
DA:5,0
DA:8,0
DA:9,0
DA:10,0
DA:13,0
DA:14,0
DA:15,0
DA:22,0
DA:25,0
DA:26,0
DA:27,0
DA:33,0
DA:36,0
DA:37,0
DA:38,0
LF:16
LH:0
BRF:0
BRH:0
end_of_record
TN:
SF:src\pages\Javascript\SolidJS\SolidJS.jsx
FN:32,SolidJS
FN:38,(anonymous_1)
FNF:2
FNH:0
FNDA:0,SolidJS
FNDA:0,(anonymous_1)
DA:9,0
DA:33,0
DA:39,0
LF:3
LH:0
BRF:0
BRH:0
end_of_record
TN:
SF:src\pages\Javascript\SortMethods\SortMethods.jsx
FN:8,SortMethods
FN:14,sortInsertion
FN:28,sortBubble
FN:47,(anonymous_3)
FN:56,(anonymous_4)
FN:57,(anonymous_5)
FN:60,(anonymous_6)
FN:67,(anonymous_7)
FNF:8
FNH:0
FNDA:0,SortMethods
FNDA:0,sortInsertion
FNDA:0,sortBubble
FNDA:0,(anonymous_3)
FNDA:0,(anonymous_4)
FNDA:0,(anonymous_5)
FNDA:0,(anonymous_6)
FNDA:0,(anonymous_7)
DA:3,0
DA:10,0
DA:12,0
DA:16,0
DA:17,0
DA:18,0
DA:19,0
DA:20,0
DA:21,0
DA:23,0
DA:25,0
DA:30,0
DA:31,0
DA:33,0
DA:35,0
DA:37,0
DA:39,0
DA:44,0
DA:47,0
DA:48,0
DA:49,0
DA:52,0
DA:56,0
DA:57,0
DA:61,0
DA:68,0
LF:26
LH:0
BRDA:19,0,0,0
BRDA:19,0,1,0
BRDA:33,1,0,0
BRDA:33,1,1,0
BRF:4
BRH:0
end_of_record
TN:
SF:src\pages\Javascript\This\This.jsx
FN:2,This
FNF:1
FNH:0
FNDA:0,This
DA:3,0
LF:1
LH:0
BRF:0
BRH:0
end_of_record
TN:
SF:src\pages\Javascript\Variables\Variables.jsx
FN:7,Variables
FNF:1
FNH:0
FNDA:0,Variables
DA:8,0
LF:1
LH:0
BRF:0
BRH:0
end_of_record
TN:
SF:src\pages\Jest\Introduction\Introduction.jsx
FN:3,Introduction
FNF:1
FNH:0
FNDA:0,Introduction
DA:4,0
LF:1
LH:0
BRF:0
BRH:0
end_of_record
TN:
SF:src\pages\Jest\Introduction\JestMenu.jsx
FN:4,JestMenu
FNF:1
FNH:0
FNDA:0,JestMenu
DA:5,0
LF:1
LH:0
BRF:0
BRH:0
end_of_record
TN:
SF:src\pages\React\ReactMenu.jsx
FN:5,(anonymous_0)
FNF:1
FNH:0
FNDA:0,(anonymous_0)
DA:5,0
DA:6,0
LF:2
LH:0
BRF:0
BRH:0
end_of_record
TN:
SF:src\pages\React\index.js
FNF:0
FNH:0
LF:0
LH:0
BRF:0
BRH:0
end_of_record
TN:
SF:src\pages\React\Context\Context.jsx
FN:6,(anonymous_0)
FNF:1
FNH:0
FNDA:0,(anonymous_0)
DA:6,0
DA:7,0
LF:2
LH:0
BRF:0
BRH:0
end_of_record
TN:
SF:src\pages\React\CreateProject\CreateProject.jsx
FN:5,(anonymous_0)
FNF:1
FNH:0
FNDA:0,(anonymous_0)
DA:5,0
DA:6,0
LF:2
LH:0
BRF:0
BRH:0
end_of_record
TN:
SF:src\pages\React\ReactHooks\HookUseCallback.jsx
FN:3,(anonymous_0)
FNF:1
FNH:0
FNDA:0,(anonymous_0)
DA:3,0
DA:4,0
LF:2
LH:0
BRF:0
BRH:0
end_of_record
TN:
SF:src\pages\React\ReactHooks\HookUseMemo.jsx
FN:3,(anonymous_0)
FN:8,(anonymous_1)
FN:16,(anonymous_2)
FN:20,(anonymous_3)
FN:21,(anonymous_4)
FNF:5
FNH:0
FNDA:0,(anonymous_0)
FNDA:0,(anonymous_1)
FNDA:0,(anonymous_2)
FNDA:0,(anonymous_3)
FNDA:0,(anonymous_4)
DA:3,0
DA:5,0
DA:6,0
DA:8,0
DA:9,0
DA:10,0
DA:16,0
DA:17,0
DA:20,0
DA:21,0
DA:22,0
DA:25,0
LF:12
LH:0
BRDA:10,0,0,0
BRDA:10,0,1,0
BRF:2
BRH:0
end_of_record
TN:
SF:src\pages\React\ReactHooks\HookUseRef.jsx
FN:3,(anonymous_0)
FNF:1
FNH:0
FNDA:0,(anonymous_0)
DA:3,0
DA:4,0
LF:2
LH:0
BRF:0
BRH:0
end_of_record
TN:
SF:src\pages\React\ReactHooks\ReactHooks.jsx
FN:8,(anonymous_0)
FN:18,(anonymous_1)
FN:20,(anonymous_2)
FNF:3
FNH:0
FNDA:0,(anonymous_0)
FNDA:0,(anonymous_1)
FNDA:0,(anonymous_2)
DA:8,0
DA:10,0
DA:12,0
DA:18,0
DA:19,0
DA:20,0
DA:23,0
LF:7
LH:0
BRF:0
BRH:0
end_of_record
TN:
SF:src\pages\React\ReactRouterDom\ReactRouterDom.jsx
FN:6,(anonymous_0)
FNF:1
FNH:0
FNDA:0,(anonymous_0)
DA:6,0
DA:9,0
LF:2
LH:0
BRF:0
BRH:0
end_of_record
TN:
SF:src\pages\React\Reducers\Reducer.jsx
FN:5,(anonymous_0)
FNF:1
FNH:0
FNDA:0,(anonymous_0)
DA:5,0
DA:6,0
LF:2
LH:0
BRF:0
BRH:0
end_of_record
TN:
SF:src\routes\RoutesApp.jsx
FN:8,(anonymous_0)
FN:14,(anonymous_1)
FN:20,(anonymous_2)
FN:26,(anonymous_3)
FNF:4
FNH:0
FNDA:0,(anonymous_0)
FNDA:0,(anonymous_1)
FNDA:0,(anonymous_2)
FNDA:0,(anonymous_3)
DA:8,0
DA:9,0
DA:15,0
DA:21,0
DA:27,0
LF:5
LH:0
BRF:0
BRH:0
end_of_record
TN:
SF:src\routes\index.js
FNF:0
FNH:0
LF:0
LH:0
BRF:0
BRH:0
end_of_record
